EDA Netlist Writer report for counter
Wed Dec 22 10:04:06 2021
Quartus II Version 8.1 Build 163 10/28/2008 SJ Web Edition


---------------------
; Table of Contents ;
---------------------
  1. Legal Notice
  2. EDA Netlist Writer Summary
  3. Simulation Settings
  4. Simulation Generated Files
  5. Timing Analysis Settings
  6. Timing Analysis Generated Files
  7. EDA Netlist Writer Messages



----------------
; Legal Notice ;
----------------
Copyright (C) 1991-2008 Altera Corporation
Your use of Altera Corporation's design tools, logic functions 
and other software and tools, and its AMPP partner logic 
functions, and any output files from any of the foregoing 
(including device programming or simulation files), and any 
associated documentation or information are expressly subject 
to the terms and conditions of the Altera Program License 
Subscription Agreement, Altera MegaCore Function License 
Agreement, or other applicable license agreement, including, 
without limitation, that your use is for the sole purpose of 
programming logic devices manufactured by Altera and sold by 
Altera or its authorized distributors.  Please refer to the 
applicable agreement for further details.



+------------------------------------------------------------------------+
; EDA Netlist Writer Summary                                             ;
+--------------------------------+---------------------------------------+
; EDA Netlist Writer Status      ; Successful - Wed Dec 22 10:04:06 2021 ;
; Revision Name                  ; counter                               ;
; Top-level Entity Name          ; counter                               ;
; Family                         ; Stratix II                            ;
; Simulation Files Creation      ; Successful                            ;
; Timing Analysis Files Creation ; Successful                            ;
+--------------------------------+---------------------------------------+


+----------------------------------------------------------------------------------------------------------+
; Simulation Settings                                                                                      ;
+--------------------------------------------------------------------------------------------+-------------+
; Option                                                                                     ; Setting     ;
+--------------------------------------------------------------------------------------------+-------------+
; Tool Name                                                                                  ; Custom VHDL ;
; Generate netlist for functional simulation only                                            ; Off         ;
; Time scale                                                                                 ; 1 ps        ;
; Truncate long hierarchy paths                                                              ; Off         ;
; Map illegal HDL characters                                                                 ; Off         ;
; Flatten buses into individual nodes                                                        ; Off         ;
; Maintain hierarchy                                                                         ; Off         ;
; Bring out device-wide set/reset signals as ports                                           ; Off         ;
; Enable glitch filtering                                                                    ; Off         ;
; Do not write top level VHDL entity                                                         ; Off         ;
; Disable setup and hold time violations detection in input registers of bi-directional pins ; Off         ;
; Architecture name in VHDL output netlist                                                   ; structure   ;
+--------------------------------------------------------------------------------------------+-------------+


+-----------------------------------------------------------------------------------------+
; Simulation Generated Files                                                              ;
+-----------------------------------------------------------------------------------------+
; Generated Files                                                                         ;
+-----------------------------------------------------------------------------------------+
; //vmware-host/Shared Folders/home/Quartus2/2021 12 22/simulation/custom/counter.vho     ;
; //vmware-host/Shared Folders/home/Quartus2/2021 12 22/simulation/custom/counter_vhd.sdo ;
+-----------------------------------------------------------------------------------------+


+---------------------------------------------------+
; Timing Analysis Settings                          ;
+-------------------------------------+-------------+
; Option                              ; Setting     ;
+-------------------------------------+-------------+
; Tool Name                           ; Custom VHDL ;
; Time scale                          ; 1 ps        ;
; Truncate long hierarchy paths       ; Off         ;
; Map illegal HDL characters          ; Off         ;
; Flatten buses into individual nodes ; Off         ;
+-------------------------------------+-------------+


+-------------------------------------------------------------------------------------+
; Timing Analysis Generated Files                                                     ;
+-------------------------------------------------------------------------------------+
; Generated Files                                                                     ;
+-------------------------------------------------------------------------------------+
; //vmware-host/Shared Folders/home/Quartus2/2021 12 22/timing/custom/counter.vho     ;
; //vmware-host/Shared Folders/home/Quartus2/2021 12 22/timing/custom/counter_vhd.sdo ;
+-------------------------------------------------------------------------------------+


+-----------------------------+
; EDA Netlist Writer Messages ;
+-----------------------------+
Info: *******************************************************************
Info: Running Quartus II EDA Netlist Writer
    Info: Version 8.1 Build 163 10/28/2008 SJ Web Edition
    Info: Processing started: Wed Dec 22 10:04:03 2021
Info: Command: quartus_eda --read_settings_files=off --write_settings_files=off counter -c counter
Info: Generated files "counter.vho" and "counter_vhd.sdo" in directory "//vmware-host/Shared Folders/home/Quartus2/2021 12 22/simulation/custom/" for EDA simulation tool
Info: Generated files "counter.vho" and "counter_vhd.sdo" in directory "//vmware-host/Shared Folders/home/Quartus2/2021 12 22/timing/custom/" for EDA timing analysis tool
Info: Quartus II EDA Netlist Writer was successful. 0 errors, 0 warnings
    Info: Peak virtual memory: 159 megabytes
    Info: Processing ended: Wed Dec 22 10:04:07 2021
    Info: Elapsed time: 00:00:04
    Info: Total CPU time (on all processors): 00:00:03


