[09:32:36] GLib-DEBUG: posix_spawn avoided (fd close requested) 
[09:32:36] ** Sylpheed-WARNING: Couldn't execute curl
[09:32:36] ** Sylpheed-WARNING: g_spawn_async_with_pipes: Failed to execute child process “curl” (そのようなファイルやディレクトリはありません)
[09:32:46] * message: info.j.kisarazu.ac.jp:143 へのIMAP4の接続を確立中...
[09:33:05] ** LibSylph-WARNING: [09:33:05] IMAP の接続を確立できませんでした。

[09:33:05] ** warning: IMAP の接続を確立できませんでした。
[09:42:29] * message: info.j.kisarazu.ac.jp:143 へのIMAP4の接続を確立中...
[09:42:38] IMAP4< * OK [CAPABILITY IMAP4rev1 SASL-IR LOGIN-REFERRALS ID ENABLE IDLE LITERAL+ STARTTLS AUTH=PLAIN AUTH=LOGIN] Dovecot (Debian) ready.
[09:42:38] IMAP4> 1 CAPABILITY
[09:42:38] IMAP4< * CAPABILITY IMAP4rev1 SASL-IR LOGIN-REFERRALS ID ENABLE IDLE LITERAL+ STARTTLS AUTH=PLAIN AUTH=LOGIN
[09:42:38] IMAP4< 1 OK Pre-login capabilities listed, post-login capabilities have more.
[09:42:38] IMAP4> 2 AUTHENTICATE PLAIN
[09:42:38] IMAP4< + 
[09:42:38] IMAP4> ****************
[09:42:39] IMAP4< * CAPABILITY IMAP4rev1 SASL-IR LOGIN-REFERRALS ID ENABLE IDLE SORT SORT=DISPLAY THREAD=REFERENCES THREAD=REFS THREAD=ORDEREDSUBJECT MULTIAPPEND URL-PARTIAL CATENATE UNSELECT CHILDREN NAMESPACE UIDPLUS LIST-EXTENDED I18NLEVEL=1 CONDSTORE QRESYNC ESEARCH ESORT SEARCHRES WITHIN CONTEXT=SEARCH LIST-STATUS BINARY MOVE SNIPPET=FUZZY LITERAL+ NOTIFY SPECIAL-USE
[09:42:39] IMAP4< 2 OK Logged in
[09:42:39] IMAP4> 3 NAMESPACE
[09:42:39] IMAP4< * NAMESPACE (("" ".")) NIL NIL
[09:42:39] IMAP4< 3 OK Namespace completed (0.001 + 0.000 secs).
[09:42:39] IMAP4> 4 STATUS INBOX (MESSAGES RECENT UIDNEXT UIDVALIDITY UNSEEN)
[09:42:39] IMAP4< * STATUS INBOX (MESSAGES 2 RECENT 2 UIDNEXT 3 UIDVALIDITY 1606784349 UNSEEN 2)
[09:42:39] IMAP4< 4 OK Status completed (0.024 + 0.000 + 0.023 secs).
[09:42:39] IMAP4> 5 STATUS Trash (MESSAGES RECENT UIDNEXT UIDVALIDITY UNSEEN)
[09:42:39] IMAP4< * STATUS Trash (MESSAGES 0 RECENT 0 UIDNEXT 1 UIDVALIDITY 1606784350 UNSEEN 0)
[09:42:39] IMAP4< 5 OK Status completed (0.021 + 0.000 + 0.020 secs).
[09:42:41] IMAP4> 6 SELECT INBOX
[09:42:41] IMAP4< * FLAGS (\Answered \Flagged \Deleted \Seen \Draft)
[09:42:41] IMAP4< * OK [PERMANENTFLAGS (\Answered \Flagged \Deleted \Seen \Draft \*)] Flags permitted.
[09:42:41] IMAP4< * 2 EXISTS
[09:42:41] IMAP4< * 2 RECENT
[09:42:41] IMAP4< * OK [UNSEEN 1] First unseen.
[09:42:41] IMAP4< * OK [UIDVALIDITY 1606784349] UIDs valid
[09:42:41] IMAP4< * OK [UIDNEXT 3] Predicted next UID
[09:42:41] IMAP4< 6 OK [READ-WRITE] Select completed (0.001 + 0.000 secs).
[09:42:41] IMAP4> 7 UID FETCH 1:* (UID FLAGS RFC822.SIZE RFC822.HEADER)
[09:42:42] IMAP4< * 1 FETCH (UID 1 FLAGS (\Recent) RFC822.SIZE 2158 RFC822.HEADER {958}
[09:42:42] IMAP4< * 2 FETCH (UID 2 FLAGS (\Recent) RFC822.SIZE 10751 RFC822.HEADER {1000}
[09:42:42] IMAP4< 7 OK Fetch completed (0.025 + 0.000 + 0.024 secs).
[09:42:42] IMAP4> 8 UID FETCH 1 BODY.PEEK[]
[09:42:42] IMAP4< * 1 FETCH (UID 1 BODY[] {2158}
[09:42:42] IMAP4< )
[09:42:42] IMAP4< 8 OK Fetch completed (0.001 + 0.000 secs).
[09:42:47] IMAP4> 9 UID FETCH 2 BODY.PEEK[]
[09:42:47] IMAP4< * 2 FETCH (UID 2 BODY[] {10751}
[09:42:47] IMAP4< )
[09:42:47] IMAP4< 9 OK Fetch completed (0.003 + 0.000 + 0.002 secs).
[09:42:47] IMAP4> 10 UID STORE 2 +FLAGS.SILENT (\Seen)
[09:42:47] IMAP4< 10 OK Store completed (0.001 + 0.000 secs).
