Error while parsing hooks JSON. Error: "ENOENT: no such file or directory, open '/home/student/j20/j20439/.config/Microsoft/Microsoft Teams/hooks.json'"
(electron) The default value of app.allowRendererProcessReuse is deprecated, it is currently "false".  It will change to be "true" in Electron 9.  For more information please check https://github.com/electron/electron/issues/18397
(node:1745) MaxListenersExceededWarning: Possible EventEmitter memory leak detected. 11 ecsSettingsUpdated listeners added to [EventEmitter]. Use emitter.setMaxListeners() to increase limit
(node:1745) ProtocolDeprecateCallback: The callback argument of protocol module APIs is no longer needed.
(node:1745) ProtocolDeprecateCallback: The callback argument of protocol module APIs is no longer needed.
(node:1745) ProtocolDeprecateCallback: The callback argument of protocol module APIs is no longer needed.
(node:1745) ProtocolDeprecateCallback: The callback argument of protocol module APIs is no longer needed.
(node:1745) ProtocolDeprecateCallback: The callback argument of protocol module APIs is no longer needed.
(node:1745) ProtocolDeprecateCallback: The callback argument of protocol module APIs is no longer needed.
(node:1745) ProtocolDeprecateCallback: The callback argument of protocol module APIs is no longer needed.
(node:1745) ProtocolDeprecateCallback: The callback argument of protocol module APIs is no longer needed.
(node:1745) ProtocolDeprecateCallback: The callback argument of protocol module APIs is no longer needed.
(node:1745) ProtocolDeprecateCallback: The callback argument of protocol module APIs is no longer needed.
(node:1745) ProtocolDeprecateCallback: The callback argument of protocol module APIs is no longer needed.
(node:1745) ProtocolDeprecateCallback: The callback argument of protocol module APIs is no longer needed.
(node:1745) ProtocolDeprecateCallback: The callback argument of protocol module APIs is no longer needed.
(node:1745) ProtocolDeprecateCallback: The callback argument of protocol module APIs is no longer needed.
(node:1745) ProtocolDeprecateCallback: The callback argument of protocol module APIs is no longer needed.
(node:1745) ProtocolDeprecateCallback: The callback argument of protocol module APIs is no longer needed.
(node:1745) ProtocolDeprecateCallback: The callback argument of protocol module APIs is no longer needed.
(node:1745) MaxListenersExceededWarning: Possible EventEmitter memory leak detected. 11 appInitialized listeners added to [EventEmitter]. Use emitter.setMaxListeners() to increase limit
(node:1745) UnhandledPromiseRejectionWarning: Error: LocalStorageService: key or value not defined
    at LocalStorageService.<anonymous> (/usr/share/teams/resources/app.asar/lib/localStorageService.js:93:23)
    at Generator.next (<anonymous>)
    at /usr/share/teams/resources/app.asar/lib/localStorageService.js:8:71
    at new Promise (<anonymous>)
    at __awaiter (/usr/share/teams/resources/app.asar/lib/localStorageService.js:4:12)
    at LocalStorageService.setValue (/usr/share/teams/resources/app.asar/lib/localStorageService.js:91:16)
    at AppLevel.set (/usr/share/teams/resources/app.asar/lib/localStorage/appLevel.js:19:34)
    at AppLevel.get (/usr/share/teams/resources/app.asar/lib/localStorage/appLevel.js:14:18)
    at /usr/share/teams/resources/app.asar/lib/localStorage/appPreferences.js:187:103
    at Array.reduce (<anonymous>)
(node:1745) UnhandledPromiseRejectionWarning: Unhandled promise rejection. This error originated either by throwing inside of an async function without a catch block, or by rejecting a promise which was not handled with .catch(). (rejection id: 1)
(node:1745) [DEP0018] DeprecationWarning: Unhandled promise rejections are deprecated. In the future, promise rejections that are not handled will terminate the Node.js process with a non-zero exit code.
ALSA lib confmisc.c:767:(parse_card) cannot find card '0'
ALSA lib conf.c:4568:(_snd_config_evaluate) function snd_func_card_driver returned error: No such file or directory
ALSA lib confmisc.c:392:(snd_func_concat) error evaluating strings
ALSA lib conf.c:4568:(_snd_config_evaluate) function snd_func_concat returned error: No such file or directory
ALSA lib confmisc.c:1246:(snd_func_refer) error evaluating name
ALSA lib conf.c:4568:(_snd_config_evaluate) function snd_func_refer returned error: No such file or directory
ALSA lib conf.c:5047:(snd_config_expand) Evaluate error: No such file or directory
ALSA lib pcm.c:2565:(snd_pcm_open_noupdate) Unknown PCM default
ALSA lib confmisc.c:767:(parse_card) cannot find card '0'
ALSA lib conf.c:4568:(_snd_config_evaluate) function snd_func_card_driver returned error: No such file or directory
ALSA lib confmisc.c:392:(snd_func_concat) error evaluating strings
ALSA lib conf.c:4568:(_snd_config_evaluate) function snd_func_concat returned error: No such file or directory
ALSA lib confmisc.c:1246:(snd_func_refer) error evaluating name
ALSA lib conf.c:4568:(_snd_config_evaluate) function snd_func_refer returned error: No such file or directory
ALSA lib conf.c:5047:(snd_config_expand) Evaluate error: No such file or directory
ALSA lib pcm.c:2565:(snd_pcm_open_noupdate) Unknown PCM default
ALSA lib pcm.c:2565:(snd_pcm_open_noupdate) Unknown PCM mic_call
ALSA lib confmisc.c:767:(parse_card) cannot find card '0'
ALSA lib conf.c:4568:(_snd_config_evaluate) function snd_func_card_driver returned error: No such file or directory
ALSA lib confmisc.c:392:(snd_func_concat) error evaluating strings
ALSA lib conf.c:4568:(_snd_config_evaluate) function snd_func_concat returned error: No such file or directory
ALSA lib confmisc.c:1246:(snd_func_refer) error evaluating name
ALSA lib conf.c:4568:(_snd_config_evaluate) function snd_func_refer returned error: No such file or directory
ALSA lib conf.c:5047:(snd_config_expand) Evaluate error: No such file or directory
ALSA lib pcm.c:2565:(snd_pcm_open_noupdate) Unknown PCM default
ALSA lib pcm.c:2565:(snd_pcm_open_noupdate) Unknown PCM call
ALSA lib pcm.c:2565:(snd_pcm_open_noupdate) Unknown PCM loopback_call
ALSA lib confmisc.c:767:(parse_card) cannot find card '0'
ALSA lib conf.c:4568:(_snd_config_evaluate) function snd_func_card_driver returned error: No such file or directory
ALSA lib confmisc.c:392:(snd_func_concat) error evaluating strings
ALSA lib conf.c:4568:(_snd_config_evaluate) function snd_func_concat returned error: No such file or directory
ALSA lib confmisc.c:1246:(snd_func_refer) error evaluating name
ALSA lib conf.c:4568:(_snd_config_evaluate) function snd_func_refer returned error: No such file or directory
ALSA lib conf.c:5047:(snd_config_expand) Evaluate error: No such file or directory
ALSA lib pcm.c:2565:(snd_pcm_open_noupdate) Unknown PCM default
ALSA lib pcm.c:2565:(snd_pcm_open_noupdate) Unknown PCM mic_call
ALSA lib confmisc.c:767:(parse_card) cannot find card '0'
ALSA lib conf.c:4568:(_snd_config_evaluate) function snd_func_card_driver returned error: No such file or directory
ALSA lib confmisc.c:392:(snd_func_concat) error evaluating strings
ALSA lib conf.c:4568:(_snd_config_evaluate) function snd_func_concat returned error: No such file or directory
ALSA lib confmisc.c:1246:(snd_func_refer) error evaluating name
ALSA lib conf.c:4568:(_snd_config_evaluate) function snd_func_refer returned error: No such file or directory
ALSA lib conf.c:5047:(snd_config_expand) Evaluate error: No such file or directory
ALSA lib pcm.c:2565:(snd_pcm_open_noupdate) Unknown PCM default
ALSA lib pcm.c:2565:(snd_pcm_open_noupdate) Unknown PCM call
ALSA lib pcm.c:2565:(snd_pcm_open_noupdate) Unknown PCM loopback_call
ALSA lib confmisc.c:767:(parse_card) cannot find card '0'
ALSA lib conf.c:4568:(_snd_config_evaluate) function snd_func_card_driver returned error: No such file or directory
ALSA lib confmisc.c:392:(snd_func_concat) error evaluating strings
ALSA lib conf.c:4568:(_snd_config_evaluate) function snd_func_concat returned error: No such file or directory
ALSA lib confmisc.c:1246:(snd_func_refer) error evaluating name
ALSA lib conf.c:4568:(_snd_config_evaluate) function snd_func_refer returned error: No such file or directory
ALSA lib conf.c:5047:(snd_config_expand) Evaluate error: No such file or directory
ALSA lib pcm.c:2565:(snd_pcm_open_noupdate) Unknown PCM default

(process:2758): Gtk-WARNING **: 13:02:46.052: Locale not supported by C library.
	Using the fallback 'C' locale.

(process:2762): Gtk-WARNING **: 13:02:46.074: Locale not supported by C library.
	Using the fallback 'C' locale.

(firefox-esr:2765): Gtk-WARNING **: 13:02:46.155: Locale not supported by C library.
	Using the fallback 'C' locale.
ALSA lib confmisc.c:767:(parse_card) cannot find card '0'
ALSA lib conf.c:4568:(_snd_config_evaluate) function snd_func_card_driver returned error: No such file or directory
ALSA lib confmisc.c:392:(snd_func_concat) error evaluating strings
ALSA lib conf.c:4568:(_snd_config_evaluate) function snd_func_concat returned error: No such file or directory
ALSA lib confmisc.c:1246:(snd_func_refer) error evaluating name
ALSA lib conf.c:4568:(_snd_config_evaluate) function snd_func_refer returned error: No such file or directory
ALSA lib conf.c:5047:(snd_config_expand) Evaluate error: No such file or directory
ALSA lib pcm.c:2565:(snd_pcm_open_noupdate) Unknown PCM default
ALSA lib confmisc.c:767:(parse_card) cannot find card '0'
ALSA lib conf.c:4568:(_snd_config_evaluate) function snd_func_card_driver returned error: No such file or directory
ALSA lib confmisc.c:392:(snd_func_concat) error evaluating strings
ALSA lib conf.c:4568:(_snd_config_evaluate) function snd_func_concat returned error: No such file or directory
ALSA lib confmisc.c:1246:(snd_func_refer) error evaluating name
ALSA lib conf.c:4568:(_snd_config_evaluate) function snd_func_refer returned error: No such file or directory
ALSA lib conf.c:5047:(snd_config_expand) Evaluate error: No such file or directory
ALSA lib pcm.c:2565:(snd_pcm_open_noupdate) Unknown PCM default
