%!Adobe-FontList 1.11
%Locale:0x409

%BeginFont
Handler:DirectoryHandler
FontType:CMap
CMapName:Adobe-Japan1-90pv-RKSJ
Registry:Adobe
Ordering:Adobe_Japan1_90pv_RKSJ
OutlineFileName:/home/local/opt/Adobe/Reader9/Reader/../Resource/CMap/Adobe-Japan1-90pv-RKSJ
%EndFont

%BeginFont
Handler:DirectoryHandler
FontType:CMap
CMapName:Add-RKSJ-H
Registry:Adobe
Ordering:Japan1
OutlineFileName:/home/local/opt/Adobe/Reader9/Reader/../Resource/CMap/Add-RKSJ-H
%EndFont

%BeginFont
Handler:DirectoryHandler
FontType:CMap
CMapName:Adobe-Japan1-PS-V
Registry:Adobe
Ordering:Adobe_Japan1_PS_V
OutlineFileName:/home/local/opt/Adobe/Reader9/Reader/../Resource/CMap/Adobe-Japan1-PS-V
%EndFont

%BeginFont
Handler:DirectoryHandler
FontType:CMap
CMapName:UniKS-UTF16-H
Registry:Adobe
Ordering:Korea1
OutlineFileName:/home/local/opt/Adobe/Reader9/Reader/../Resource/CMap/UniKS-UTF16-H
%EndFont

%BeginFont
Handler:DirectoryHandler
FontType:CMap
CMapName:90pv-RKSJ-H
Registry:Adobe
Ordering:Japan1
OutlineFileName:/home/local/opt/Adobe/Reader9/Reader/../Resource/CMap/90pv-RKSJ-H
%EndFont

%BeginFont
Handler:DirectoryHandler
FontType:CMap
CMapName:EUC-H
Registry:Adobe
Ordering:Japan1
OutlineFileName:/home/local/opt/Adobe/Reader9/Reader/../Resource/CMap/EUC-H
%EndFont

%BeginFont
Handler:DirectoryHandler
FontType:CMap
CMapName:Identity-H
Registry:Adobe
Ordering:Identity
OutlineFileName:/home/local/opt/Adobe/Reader9/Reader/../Resource/CMap/Identity-H
%EndFont

%BeginFont
Handler:DirectoryHandler
FontType:CMap
CMapName:Adobe-Japan1-90ms-RKSJ
Registry:Adobe
Ordering:Adobe_Japan1_90ms_RKSJ
OutlineFileName:/home/local/opt/Adobe/Reader9/Reader/../Resource/CMap/Adobe-Japan1-90ms-RKSJ
%EndFont

%BeginFont
Handler:DirectoryHandler
FontType:CMap
CMapName:UCS2-90pv-RKSJ
Registry:Adobe
Ordering:UCS2_90pv_RKSJ
OutlineFileName:/home/local/opt/Adobe/Reader9/Reader/../Resource/CMap/UCS2-90pv-RKSJ
%EndFont

%BeginFont
Handler:DirectoryHandler
FontType:CMap
CMapName:Adobe-Japan1-H-Mac
Registry:Adobe
Ordering:Adobe_Japan1_H_Mac
OutlineFileName:/home/local/opt/Adobe/Reader9/Reader/../Resource/CMap/Adobe-Japan1-H-Mac
%EndFont

%BeginFont
Handler:DirectoryHandler
FontType:CMap
CMapName:UniJIS-UCS2-HW-V
Registry:Adobe
Ordering:Japan1
UseCMap:UniJIS-UCS2-H
OutlineFileName:/home/local/opt/Adobe/Reader9/Reader/../Resource/CMap/UniJIS-UCS2-HW-V
%EndFont

%BeginFont
Handler:DirectoryHandler
FontType:CMap
CMapName:V
Registry:Adobe
Ordering:Japan1
UseCMap:H
OutlineFileName:/home/local/opt/Adobe/Reader9/Reader/../Resource/CMap/V
%EndFont

%BeginFont
Handler:DirectoryHandler
FontType:CMap
CMapName:UniJIS-UCS2-V
Registry:Adobe
Ordering:Japan1
UseCMap:UniJIS-UCS2-H
OutlineFileName:/home/local/opt/Adobe/Reader9/Reader/../Resource/CMap/UniJIS-UCS2-V
%EndFont

%BeginFont
Handler:DirectoryHandler
FontType:CMap
CMapName:90ms-RKSJ-UCS2
Registry:Adobe
Ordering:90ms_RKSJ_UCS2
OutlineFileName:/home/local/opt/Adobe/Reader9/Reader/../Resource/CMap/90ms-RKSJ-UCS2
%EndFont

%BeginFont
Handler:DirectoryHandler
FontType:CMap
CMapName:EUC-V
Registry:Adobe
Ordering:Japan1
UseCMap:EUC-H
OutlineFileName:/home/local/opt/Adobe/Reader9/Reader/../Resource/CMap/EUC-V
%EndFont

%BeginFont
Handler:DirectoryHandler
FontType:CMap
CMapName:Ext-RKSJ-V
Registry:Adobe
Ordering:Japan1
UseCMap:Ext-RKSJ-H
OutlineFileName:/home/local/opt/Adobe/Reader9/Reader/../Resource/CMap/Ext-RKSJ-V
%EndFont

%BeginFont
Handler:DirectoryHandler
FontType:CMap
CMapName:90msp-RKSJ-V
Registry:Adobe
Ordering:Japan1
UseCMap:90msp-RKSJ-H
OutlineFileName:/home/local/opt/Adobe/Reader9/Reader/../Resource/CMap/90msp-RKSJ-V
%EndFont

%BeginFont
Handler:DirectoryHandler
FontType:CMap
CMapName:90pv-RKSJ-UCS2C
Registry:Adobe
Ordering:90pv_RKSJ_UCS2C
OutlineFileName:/home/local/opt/Adobe/Reader9/Reader/../Resource/CMap/90pv-RKSJ-UCS2C
%EndFont

%BeginFont
Handler:DirectoryHandler
FontType:CMap
CMapName:Ext-RKSJ-H
Registry:Adobe
Ordering:Japan1
OutlineFileName:/home/local/opt/Adobe/Reader9/Reader/../Resource/CMap/Ext-RKSJ-H
%EndFont

%BeginFont
Handler:DirectoryHandler
FontType:CMap
CMapName:Identity-V
Registry:Adobe
Ordering:Identity
UseCMap:Identity-H
OutlineFileName:/home/local/opt/Adobe/Reader9/Reader/../Resource/CMap/Identity-V
%EndFont

%BeginFont
Handler:DirectoryHandler
FontType:CMap
CMapName:H
Registry:Adobe
Ordering:Japan1
OutlineFileName:/home/local/opt/Adobe/Reader9/Reader/../Resource/CMap/H
%EndFont

%BeginFont
Handler:DirectoryHandler
FontType:CMap
CMapName:Adobe-Japan1-H-Host
Registry:Adobe
Ordering:Adobe_Japan1_H_Host
OutlineFileName:/home/local/opt/Adobe/Reader9/Reader/../Resource/CMap/Adobe-Japan1-H-Host
%EndFont

%BeginFont
Handler:DirectoryHandler
FontType:CMap
CMapName:90msp-RKSJ-H
Registry:Adobe
Ordering:Japan1
OutlineFileName:/home/local/opt/Adobe/Reader9/Reader/../Resource/CMap/90msp-RKSJ-H
%EndFont

%BeginFont
Handler:DirectoryHandler
FontType:CMap
CMapName:UniKS-UTF16-V
Registry:Adobe
Ordering:Korea1
UseCMap:UniKS-UTF16-H
OutlineFileName:/home/local/opt/Adobe/Reader9/Reader/../Resource/CMap/UniKS-UTF16-V
%EndFont

%BeginFont
Handler:DirectoryHandler
FontType:CMap
CMapName:UniJIS-UTF16-V
Registry:Adobe
Ordering:Japan1
UseCMap:UniJIS-UTF16-H
OutlineFileName:/home/local/opt/Adobe/Reader9/Reader/../Resource/CMap/UniJIS-UTF16-V
%EndFont

%BeginFont
Handler:DirectoryHandler
FontType:CMap
CMapName:90ms-RKSJ-V
Registry:Adobe
Ordering:Japan1
UseCMap:90ms-RKSJ-H
OutlineFileName:/home/local/opt/Adobe/Reader9/Reader/../Resource/CMap/90ms-RKSJ-V
%EndFont

%BeginFont
Handler:DirectoryHandler
FontType:CMap
CMapName:UCS2-90ms-RKSJ
Registry:Adobe
Ordering:UCS2_90ms_RKSJ
OutlineFileName:/home/local/opt/Adobe/Reader9/Reader/../Resource/CMap/UCS2-90ms-RKSJ
%EndFont

%BeginFont
Handler:DirectoryHandler
FontType:CMap
CMapName:UniJIS-UTF16-H
Registry:Adobe
Ordering:Japan1
OutlineFileName:/home/local/opt/Adobe/Reader9/Reader/../Resource/CMap/UniJIS-UTF16-H
%EndFont

%BeginFont
Handler:DirectoryHandler
FontType:CMap
CMapName:90pv-RKSJ-UCS2
Registry:Adobe
Ordering:90pv_RKSJ_UCS2
UseCMap:90pv-RKSJ-UCS2C
OutlineFileName:/home/local/opt/Adobe/Reader9/Reader/../Resource/CMap/90pv-RKSJ-UCS2
%EndFont

%BeginFont
Handler:DirectoryHandler
FontType:CMap
CMapName:Adobe-Japan1-PS-H
Registry:Adobe
Ordering:Adobe_Japan1_PS_H
OutlineFileName:/home/local/opt/Adobe/Reader9/Reader/../Resource/CMap/Adobe-Japan1-PS-H
%EndFont

%BeginFont
Handler:DirectoryHandler
FontType:CMap
CMapName:Add-RKSJ-V
Registry:Adobe
Ordering:Japan1
UseCMap:Add-RKSJ-H
OutlineFileName:/home/local/opt/Adobe/Reader9/Reader/../Resource/CMap/Add-RKSJ-V
%EndFont

%BeginFont
Handler:DirectoryHandler
FontType:CMap
CMapName:UniJIS-UCS2-H
Registry:Adobe
Ordering:Japan1
OutlineFileName:/home/local/opt/Adobe/Reader9/Reader/../Resource/CMap/UniJIS-UCS2-H
%EndFont

%BeginFont
Handler:DirectoryHandler
FontType:CMap
CMapName:90ms-RKSJ-H
Registry:Adobe
Ordering:Japan1
OutlineFileName:/home/local/opt/Adobe/Reader9/Reader/../Resource/CMap/90ms-RKSJ-H
%EndFont

%BeginFont
Handler:DirectoryHandler
FontType:CMap
CMapName:UniJIS-UCS2-HW-H
Registry:Adobe
Ordering:Japan1
UseCMap:UniJIS-UCS2-H
OutlineFileName:/home/local/opt/Adobe/Reader9/Reader/../Resource/CMap/UniJIS-UCS2-HW-H
%EndFont

%BeginFont
Handler:DirectoryHandler
FontType:CMap
CMapName:Adobe-Japan1-UCS2
Registry:Adobe
Ordering:Adobe_Japan1_UCS2
OutlineFileName:/home/local/opt/Adobe/Reader9/Reader/../Resource/CMap/Adobe-Japan1-UCS2
%EndFont

%BeginFont
Handler:DirectoryHandler
FontType:CMap
CMapName:Adobe-Japan1-H-CID
Registry:Adobe
Ordering:Adobe_Japan1_H_CID
OutlineFileName:/home/local/opt/Adobe/Reader9/Reader/../Resource/CMap/Adobe-Japan1-H-CID
%EndFont

%BeginFont
Handler:DirectoryHandler
FontType:CMap
CMapName:83pv-RKSJ-H
Registry:Adobe
Ordering:Japan1
OutlineFileName:/home/local/opt/Adobe/Reader9/Reader/../Resource/CMap/83pv-RKSJ-H
%EndFont

%BeginFont
Handler:DirectoryHandler
FontType:CMap
CMapName:Adobe-Japan1-90pv-RKSJ
Registry:Adobe
Ordering:Adobe_Japan1_90pv_RKSJ
OutlineFileName:/home/local/opt/Adobe/Reader9/Reader/../Resource/CMap/Adobe-Japan1-90pv-RKSJ
%EndFont

%BeginFont
Handler:DirectoryHandler
FontType:CMap
CMapName:Add-RKSJ-H
Registry:Adobe
Ordering:Japan1
OutlineFileName:/home/local/opt/Adobe/Reader9/Reader/../Resource/CMap/Add-RKSJ-H
%EndFont

%BeginFont
Handler:DirectoryHandler
FontType:CMap
CMapName:Adobe-Japan1-PS-V
Registry:Adobe
Ordering:Adobe_Japan1_PS_V
OutlineFileName:/home/local/opt/Adobe/Reader9/Reader/../Resource/CMap/Adobe-Japan1-PS-V
%EndFont

%BeginFont
Handler:DirectoryHandler
FontType:CMap
CMapName:UniKS-UTF16-H
Registry:Adobe
Ordering:Korea1
OutlineFileName:/home/local/opt/Adobe/Reader9/Reader/../Resource/CMap/UniKS-UTF16-H
%EndFont

%BeginFont
Handler:DirectoryHandler
FontType:CMap
CMapName:90pv-RKSJ-H
Registry:Adobe
Ordering:Japan1
OutlineFileName:/home/local/opt/Adobe/Reader9/Reader/../Resource/CMap/90pv-RKSJ-H
%EndFont

%BeginFont
Handler:DirectoryHandler
FontType:CMap
CMapName:EUC-H
Registry:Adobe
Ordering:Japan1
OutlineFileName:/home/local/opt/Adobe/Reader9/Reader/../Resource/CMap/EUC-H
%EndFont

%BeginFont
Handler:DirectoryHandler
FontType:CMap
CMapName:Identity-H
Registry:Adobe
Ordering:Identity
OutlineFileName:/home/local/opt/Adobe/Reader9/Reader/../Resource/CMap/Identity-H
%EndFont

%BeginFont
Handler:DirectoryHandler
FontType:CMap
CMapName:Adobe-Japan1-90ms-RKSJ
Registry:Adobe
Ordering:Adobe_Japan1_90ms_RKSJ
OutlineFileName:/home/local/opt/Adobe/Reader9/Reader/../Resource/CMap/Adobe-Japan1-90ms-RKSJ
%EndFont

%BeginFont
Handler:DirectoryHandler
FontType:CMap
CMapName:UCS2-90pv-RKSJ
Registry:Adobe
Ordering:UCS2_90pv_RKSJ
OutlineFileName:/home/local/opt/Adobe/Reader9/Reader/../Resource/CMap/UCS2-90pv-RKSJ
%EndFont

%BeginFont
Handler:DirectoryHandler
FontType:CMap
CMapName:Adobe-Japan1-H-Mac
Registry:Adobe
Ordering:Adobe_Japan1_H_Mac
OutlineFileName:/home/local/opt/Adobe/Reader9/Reader/../Resource/CMap/Adobe-Japan1-H-Mac
%EndFont

%BeginFont
Handler:DirectoryHandler
FontType:CMap
CMapName:UniJIS-UCS2-HW-V
Registry:Adobe
Ordering:Japan1
UseCMap:UniJIS-UCS2-H
OutlineFileName:/home/local/opt/Adobe/Reader9/Reader/../Resource/CMap/UniJIS-UCS2-HW-V
%EndFont

%BeginFont
Handler:DirectoryHandler
FontType:CMap
CMapName:V
Registry:Adobe
Ordering:Japan1
UseCMap:H
OutlineFileName:/home/local/opt/Adobe/Reader9/Reader/../Resource/CMap/V
%EndFont

%BeginFont
Handler:DirectoryHandler
FontType:CMap
CMapName:UniJIS-UCS2-V
Registry:Adobe
Ordering:Japan1
UseCMap:UniJIS-UCS2-H
OutlineFileName:/home/local/opt/Adobe/Reader9/Reader/../Resource/CMap/UniJIS-UCS2-V
%EndFont

%BeginFont
Handler:DirectoryHandler
FontType:CMap
CMapName:90ms-RKSJ-UCS2
Registry:Adobe
Ordering:90ms_RKSJ_UCS2
OutlineFileName:/home/local/opt/Adobe/Reader9/Reader/../Resource/CMap/90ms-RKSJ-UCS2
%EndFont

%BeginFont
Handler:DirectoryHandler
FontType:CMap
CMapName:EUC-V
Registry:Adobe
Ordering:Japan1
UseCMap:EUC-H
OutlineFileName:/home/local/opt/Adobe/Reader9/Reader/../Resource/CMap/EUC-V
%EndFont

%BeginFont
Handler:DirectoryHandler
FontType:CMap
CMapName:Ext-RKSJ-V
Registry:Adobe
Ordering:Japan1
UseCMap:Ext-RKSJ-H
OutlineFileName:/home/local/opt/Adobe/Reader9/Reader/../Resource/CMap/Ext-RKSJ-V
%EndFont

%BeginFont
Handler:DirectoryHandler
FontType:CMap
CMapName:90msp-RKSJ-V
Registry:Adobe
Ordering:Japan1
UseCMap:90msp-RKSJ-H
OutlineFileName:/home/local/opt/Adobe/Reader9/Reader/../Resource/CMap/90msp-RKSJ-V
%EndFont

%BeginFont
Handler:DirectoryHandler
FontType:CMap
CMapName:90pv-RKSJ-UCS2C
Registry:Adobe
Ordering:90pv_RKSJ_UCS2C
OutlineFileName:/home/local/opt/Adobe/Reader9/Reader/../Resource/CMap/90pv-RKSJ-UCS2C
%EndFont

%BeginFont
Handler:DirectoryHandler
FontType:CMap
CMapName:Ext-RKSJ-H
Registry:Adobe
Ordering:Japan1
OutlineFileName:/home/local/opt/Adobe/Reader9/Reader/../Resource/CMap/Ext-RKSJ-H
%EndFont

%BeginFont
Handler:DirectoryHandler
FontType:CMap
CMapName:Identity-V
Registry:Adobe
Ordering:Identity
UseCMap:Identity-H
OutlineFileName:/home/local/opt/Adobe/Reader9/Reader/../Resource/CMap/Identity-V
%EndFont

%BeginFont
Handler:DirectoryHandler
FontType:CMap
CMapName:H
Registry:Adobe
Ordering:Japan1
OutlineFileName:/home/local/opt/Adobe/Reader9/Reader/../Resource/CMap/H
%EndFont

%BeginFont
Handler:DirectoryHandler
FontType:CMap
CMapName:Adobe-Japan1-H-Host
Registry:Adobe
Ordering:Adobe_Japan1_H_Host
OutlineFileName:/home/local/opt/Adobe/Reader9/Reader/../Resource/CMap/Adobe-Japan1-H-Host
%EndFont

%BeginFont
Handler:DirectoryHandler
FontType:CMap
CMapName:90msp-RKSJ-H
Registry:Adobe
Ordering:Japan1
OutlineFileName:/home/local/opt/Adobe/Reader9/Reader/../Resource/CMap/90msp-RKSJ-H
%EndFont

%BeginFont
Handler:DirectoryHandler
FontType:CMap
CMapName:UniKS-UTF16-V
Registry:Adobe
Ordering:Korea1
UseCMap:UniKS-UTF16-H
OutlineFileName:/home/local/opt/Adobe/Reader9/Reader/../Resource/CMap/UniKS-UTF16-V
%EndFont

%BeginFont
Handler:DirectoryHandler
FontType:CMap
CMapName:UniJIS-UTF16-V
Registry:Adobe
Ordering:Japan1
UseCMap:UniJIS-UTF16-H
OutlineFileName:/home/local/opt/Adobe/Reader9/Reader/../Resource/CMap/UniJIS-UTF16-V
%EndFont

%BeginFont
Handler:DirectoryHandler
FontType:CMap
CMapName:90ms-RKSJ-V
Registry:Adobe
Ordering:Japan1
UseCMap:90ms-RKSJ-H
OutlineFileName:/home/local/opt/Adobe/Reader9/Reader/../Resource/CMap/90ms-RKSJ-V
%EndFont

%BeginFont
Handler:DirectoryHandler
FontType:CMap
CMapName:UCS2-90ms-RKSJ
Registry:Adobe
Ordering:UCS2_90ms_RKSJ
OutlineFileName:/home/local/opt/Adobe/Reader9/Reader/../Resource/CMap/UCS2-90ms-RKSJ
%EndFont

%BeginFont
Handler:DirectoryHandler
FontType:CMap
CMapName:UniJIS-UTF16-H
Registry:Adobe
Ordering:Japan1
OutlineFileName:/home/local/opt/Adobe/Reader9/Reader/../Resource/CMap/UniJIS-UTF16-H
%EndFont

%BeginFont
Handler:DirectoryHandler
FontType:CMap
CMapName:90pv-RKSJ-UCS2
Registry:Adobe
Ordering:90pv_RKSJ_UCS2
UseCMap:90pv-RKSJ-UCS2C
OutlineFileName:/home/local/opt/Adobe/Reader9/Reader/../Resource/CMap/90pv-RKSJ-UCS2
%EndFont

%BeginFont
Handler:DirectoryHandler
FontType:CMap
CMapName:Adobe-Japan1-PS-H
Registry:Adobe
Ordering:Adobe_Japan1_PS_H
OutlineFileName:/home/local/opt/Adobe/Reader9/Reader/../Resource/CMap/Adobe-Japan1-PS-H
%EndFont

%BeginFont
Handler:DirectoryHandler
FontType:CMap
CMapName:Add-RKSJ-V
Registry:Adobe
Ordering:Japan1
UseCMap:Add-RKSJ-H
OutlineFileName:/home/local/opt/Adobe/Reader9/Reader/../Resource/CMap/Add-RKSJ-V
%EndFont

%BeginFont
Handler:DirectoryHandler
FontType:CMap
CMapName:UniJIS-UCS2-H
Registry:Adobe
Ordering:Japan1
OutlineFileName:/home/local/opt/Adobe/Reader9/Reader/../Resource/CMap/UniJIS-UCS2-H
%EndFont

%BeginFont
Handler:DirectoryHandler
FontType:CMap
CMapName:90ms-RKSJ-H
Registry:Adobe
Ordering:Japan1
OutlineFileName:/home/local/opt/Adobe/Reader9/Reader/../Resource/CMap/90ms-RKSJ-H
%EndFont

%BeginFont
Handler:DirectoryHandler
FontType:CMap
CMapName:UniJIS-UCS2-HW-H
Registry:Adobe
Ordering:Japan1
UseCMap:UniJIS-UCS2-H
OutlineFileName:/home/local/opt/Adobe/Reader9/Reader/../Resource/CMap/UniJIS-UCS2-HW-H
%EndFont

%BeginFont
Handler:DirectoryHandler
FontType:CMap
CMapName:Adobe-Japan1-UCS2
Registry:Adobe
Ordering:Adobe_Japan1_UCS2
OutlineFileName:/home/local/opt/Adobe/Reader9/Reader/../Resource/CMap/Adobe-Japan1-UCS2
%EndFont

%BeginFont
Handler:DirectoryHandler
FontType:CMap
CMapName:Adobe-Japan1-H-CID
Registry:Adobe
Ordering:Adobe_Japan1_H_CID
OutlineFileName:/home/local/opt/Adobe/Reader9/Reader/../Resource/CMap/Adobe-Japan1-H-CID
%EndFont

%BeginFont
Handler:DirectoryHandler
FontType:CMap
CMapName:83pv-RKSJ-H
Registry:Adobe
Ordering:Japan1
OutlineFileName:/home/local/opt/Adobe/Reader9/Reader/../Resource/CMap/83pv-RKSJ-H
%EndFont

