oT0DyrwHxtfUIJTfALivtQuviwcpH43u9yIWGcoaWqir8qh22mW8GQA4r/lsZbzFlNEsW46wwJTGMX+mSkgghMHH7eStq5uqaTQp5djbB6JHuA==
d4vQdftus4RwYMbMu8w8WAtR475OU/jy75uDrSqm4MWiue5Sx89M2rX1WMEOKvvIOi0oj7aD3VYPW0AqPwYpb3wXFpxttebs20VJlGJxIAhrR3I3wA0Vt6KeYKiKIlarO8hyuo8CoQ0Z2uUJB3xZTg0rQElLhEeS
d4vQdftus4RwYMbMu8w8WAtR475OU/jy75uDrSqm4MWiue5Sx89M2rX1WMEOKvvIOi0oj7aD3VYPW0AqPwYpb3wXFpxttebs20VJlGJxIAhrR3I3wA0Vt6KeYKiKIlarO8hyuo8CoQ0Z2uUJB3xZTg0rQElLhEeS
0mlbyfb7K0uiqXS1lvtYZpkV9ADVUfEypus+c5GcX/Xcuj1qnzkSXh8uaLVhFqVWgfHmP6tZzjUR8d1TMpTmIbFHqQ==
/XuP6L0jkrkN8okzgzImWgglZSHNqy7PwRnJsIk4sxiGVSu4qv2owp2KienuRwJuLyURgprHGbMxlRww3bFJQj4rRmNJ/NcltLrVOhfZSk7nbvBF2Xata+lxTk+jebaFibHlQ2o0bnGZR4E=
/9Naj7f2xiCv/J0e82CQdPCPIV6ptDoKvAqOEe3OGgGBGRxSSsSz3bMrSEgNBJChyxi9zoUBWv5VkHRJc4OhgqCGm1taeECETcPIYOZFt0LazMU2gfMF4L1PU97JwKGBCB9vlkeM
0+I/WRLLAuD4gc3hUdYjDWlQ+nOiUBFXUVbMIWexH8Gx71zakYqF8Rp3FgYTxc2q7pfNS/3VUIgJYf0qYou6y92MY704Olmioyne5pvOLK1tJvnTJbECN/epQq3V0dmrfgQaaZVHjQ==
BmMHWrLqWbX4iUjYNFynGfPGpB74sXgirYq5CT4HUs6/pWEiagdpkyGVDFDtcfkijqvWAxk8BwXEuiUaR5marnfuQKVpNp2K+XFeb1M5xiV5MXXjuvQ+EalHsQ==
66pAXg+2fULEsyzAwjNUQzXpJ4MP5dkn5rx0KqmKvQEyF07W24WFGhY3pdtlVcgYoYFFWipLcpuFrIuNQDqhkssJBjbTjuRd1UZRQr0xmqcfCTodHRGR+6bkMhmtR7U=
PE//XmEW0ESMma6fFFLopxzaCKY+1/g90bx0KqmKvQEyF07W24WFGhY3pdtlVcgYoYFFWipLcpuFrIuNQDqhkssJBjbTjuRd1UZRQr0xmqcfCTodHRGR+6bkMhmtR7U=
v7xOV15wwdM4grHdoegFgskDm2ZLk2oW/q4rCj+FuJ/EQkkVF478n89/h/WqvEspL474GyBPT+TBSYJ6Y1aBQczigd42ib9uu2bfEXiDdSHQCQ8Bg++s7Dgdr0e3
XR4RSJmt5JYBt3k6jvojUwtR475OU/jy75uDrSqm4MWiue5Sx89M2rX1WMEOKvvIOi0oj7aD3VYPW0AqPwYpb3wXFpxttebs20VJlGJxIAhrR3I3wA0Vt6KeYKiKIlarO8hyuoAEoQ0Z2uUJB3xZTg0rQElLhEeS
UyGN6LJS813f3qtHbXHL+x4j8dhhXI69Xts7Pm4gNoIEeCOl7H827rn+JG1wSuEex27QBTn2zaQMcW2PA/kWRemxBQMKtM4xuUeh
WT1CaUCDvwFZXgRVd/ve0H9+ycktmnpqTnBqfUz3yalDERI1mcvLkHDFQ/lLvqTF5GekC2Aed6/Dr2AOHlGnqz7gCLimHWeqeqR1ywGItQgdJwMGCZjxqeg3H65HtA==
JKfJqbnGF3DtvhIb/8rtGiNyl8ozjeGf4PMqOGA9aHYx02YAvrTc0P8joKR+M6G/oFc2QlDLlee3lOSwjaT8lo3ZQJf7Viailn2lrbq2BzdjV7AmHnlkXJpieBBm9VeyGpylI4Hg5TD9PzNuSTABMUhPT4ZHnA==
RqqypmDhJ1ukMh2xBNAST2vNwf8zOt2h1AQzH2GEy79zjzI4NrWwchmBjpdk2mO+/sotppm6ff4qgbt+X1+W0bf70bFUgZNhPyfo3NwFo0e7
S5G3kIuk+dkuKvpyUrc0XxAgWMWSm/eGOvBCaljYnw14D8J2NX6o9QS6dbZ7zgxtzaYZHECxJ3dXKSJtNdH5ax6E+im1R60=
6rgejwoP250IN1ZBBjnRJHoBue9EE+bxVMt0c3R1GLNKYiOl7H827rn+JH5/Tvsex27QBTn2zaQMcWuPA/kWRemxBQMKtM4xuUeh
wMYug77e/Igh8oo1L3SDNBEgWMWSm/eGOvBCaljYnw14D8J2NX6o9QS6dbZ7zgxtzaYZG0OxJ3dXKSJtNdH5ax6E+im1R60=
mUhQuQyHMNqBrTyKz47jMXoBue9EE+bxVMt0c3R0GLNKYiOl7H827rn+JH5/Tvsex27QBTn2zaMPcWuPA/kWRemxBQMKtM4xuUeh
WEhDYA6UMZ4fL5nX0wqPGRK/On25gH8SfT8qEqNfqlJGO/N3W3gRIJvMr+Hw40am4AXTZGX2J+7DWOAVAxMdPdqFgocqXNQ/DQkvTijZm2NxjTLWq5Nlv/u6sMdwQzxrUJj+5bZG5A2xzIXVKmSJsdWrxJN2Zk2FpPf+qcGCTBq37oAlqTbdAL9xG+8TOYalOTE1Y3r0/pFpR3E=
4ESPKqglZH3CZTjmQo6FKtPL7/0mZ9/wawFpdCxUtlW1G3AHLBIycDuEveSJB4LkF4kDHONL9Gx24hHYI39A5tZ7sDl0K3wEctOraYmijkENz4c9RFo9C+MzfTo2S/bbqucmKAhJIN5C4ResIzmMPN8dIxuy36C+C8liNzjlh1qaVsHedgn/bvvsmRE9AzUhkInPAUNvbOz4nW9Hdw==
En8GO8oWFAgA72yxa95jIzaprzwYhpjgvrjIZMku/9fsde7W95CqGgQGQ41tnVlNaHrX7VYRQSalC22+2rhoriF7LX0Aecm+eX6c523uLapVe6zsX7j5uHpxBS8H+ZWb0KcvQXqpW2IctKcFsFyfrpMtSVEKcGOHl5+LPqYpBJwGuU++KjA2zEEK/RxNs6siKTxZffjjl2pHcA==
d/Ruxin3wjOleTY0ueT1GmyKLa35IGDwjv2s9cQ0wjLC4Jxv27XguFMqPDh5dFXzDZ+4TKunns8FZGXNjfOCf4ASRi3xl6gHbVzZ2PBdlUC5OMWNEGbXJn06+veJtZ93IWlgMbPrkhc/wPxSC38Iskv8w5u1m0Iup0XX2cfkfmdwrvZvE9QCzhKuYSwRJjWdvzA5SmV38P2TaEd2
sqnUEtz0cov7Mjch4fga6sk1Ww53qZ1WauWQsKy90yjDbZ76pdSQ3cVENkxSC4tRaZb2qt03ORqB3936M8L4P0oGysGDn4UpUK0B+jk6VDM9ugVOdR+E+E+s8bx6dQ07F+29//BDBxUqfZMmXPBv0eAIN0ozSeHFmuTrAxcbA6o2vaz4pl3n6nrk/ogBTjXIHeeDxglYcWno959uR3Q=
Hd8YXhdxILoMrsZl0agHQ2yKLa35IGDwjv2s9cQ0wjLC4Jxv27XguFMqPDh5dFXzDZ+4TKunns8FZGXNoeSCaIEdWy3xl6gHbVzZ2PBdlUC5OMWNEGbXJn06+veJtZ93IWlgMbPrkhc/wPxSC38Iskv8w5u1m0Iup0XX2cfkfmdwrvZvE9QCzhKuYSwRJjWdvzA5SmV38P2TaEd2
6gKJQ4myUPTyXjZjaz5bHck1Ww53qZ1WauWQsKy90yjDbZ76pdSQ28VENkxUC4tRaZb2qt03ORqB3936IsT6Kk4SysGDn4UpUK0B+jk6VDM9ugVOdR+E+E+s8bx6dQ07F+29//BDBxUqfZMmXPBv0eAIN0ozSeHFmuTrAxcbA6o2vaz4pl3n6nrk/ogBTjXIHeeDxglYcWno959uR3Q=
VNhLkrJhhbtsj9H8cPaAOBK/On25gH8SfT8qEqNfqlJGO/N3W3gRJoqU9/Hm6BL55wbGTSOVYKzUAPdVByEaK8+YgocqXNQ/DQkvTijZm2NxjTLWq5Nlv/u6sMdwQzxrUJj+5bZG5A2xzIXVKmSJsdWrxJN2Zk2FpPf+qcGCTBq37oAlqTbdB79xG+8TOYalOTE1Y3r0/pFpR3E=
UfeobCjX4bjPmqmMqA9rYRK/On25gH8SfT8qEqNfqlJGO/N3W3gRJoqU9/Hm6BL55wbGTSOVYKzUAPdVDjIQNs+agocqXNQ/DQkvTijZm2NxjTLWq5Nlv/u6sMdwQzxrUJj+5bZG5A2xzIXVKmSJsdWrxJN2Zk2FpPf+qcGCTBq37oAlqTbdB79xG+8TOYalOTE1Y3r0/pFpR3E=
btektaAAe+Vb9RHZ+AHHJ4Vsecbmx9ljaHjrVE14RiwKe8vs6DYKuGJ6MrD5leEuAQDRN9YIKd9IuZScgQdmRN3oPlom3cKemIMoVKYL9ylVetoR2SerXWiyCXvXy0E6CrPCq54PCkgkofSOFjnL7H/hWGyLtc+73ndUDn9xnrdEXXPq7v4tfhqhK76vs0XRYVvh8cTh4+FvB1gczOVTR0s=
4OURaXhCzxWpZUPmwVddkB8j8dhhXI69Xts7Pm4gNoIEeCOl7H827rn+JG1wSuEex27QBTn2zasOcWqPA/kWRemxBQMKtM4xuUeh
WCIMbUM2qqt+MzLMqcglsmvNwf8zOt2h1AQzH2GEy75zjzI4NrWwchmBjpdk2mO+/sotppm6ff4qgbt+X1+U0bD70bFUgZNhPyfo3NwFo0e7
SqutD1+314lrWep0UPZaKM6w2ZeEuS/ZmkJPs7Nz2JKezQ52QvEh5EaB33YKuEKSwdMNlG37OxrpxEk1mOsnskeo
9TWCz/dBs2F+Z7uXZhqh9hIgWMWSm/eGOvBCaljYnw14D8J2NX6o9QS6dbZ7zgxtzaYZG0CxJXdXKSJtNdH5ax6E+im1R60=
Ikk92bxZEO+DzSylwsHOQHoBue9EE+bxVMt0c3R3GLNKYiOl7H827rn+JH5/Tvsex27QBTn2zaMMcWmPA/kWRemxBQMKtM4xuUeh
aOOjyP5mh3lBKjVL6Fhl6Bwj8dhhXI69Xts7Pm4gNoIEeCOl7H827rn+JG1wSuEex27QBTn2zaIPcWmPA/kWRemxBQMKtM4xuUeh
Oz5qlI/J8oHAUSNkz1TpLkYGovAZc2LSu8pupg38Abu0tTc1+q4XfwPfQB4eQZTU+ipoCCZtx3o6lJzYAZzVON13o/aJKBH5qMc/vkek
FG1SJ7kXRjCxYQH47TY6415Cv01iAHqF0ia31j4ss6NK3yNSugj3/cB9EVxN0K/Z1/2vwQldKzktoCsSeprXTgeal7aQy47SkG6FewhnAH5xkacoJo0HGrp0VL8BfJVYXZfjlokIUVkoZ3+eR4Q=
RY724zIB5+5UctJ3RNqlJ5qu3oKfs13H0kJYr6pEnIjI2h1tWvsh5EaB33YKuESSwdYMlG37OxrpxEk1mOsnskeo
esxDHgziULc10GX0E+AeixtT9ahUO2vD/8Bx81jnAqGuuUU2sq4AYxroBARIVoXB6jd5CCZtx3o6lJnYAZvUON13o/aJKBH5qMc/vkek
FkmBKE3ErxiyMTNXVSFtbLKHuPX+4dh0RS6P6bxqbx2X0bnCN5/2n8Fr12uiVyIonJGyRvBeCIDp4/JJfQJWi/so8trIIqEuWLpl6cdcWW7Ny8ApC6RHsg==
0xDqdJ7tKbuBs9IFPtyXamSudNpLrY5CtMJofPvZpxF5AUvR29GQHRhg6dMsQsgfrptYWHZKN4qctr3CNyinh9YOCjfTjuRd1UZRQrwxmaYfCTodHRGR+6bkMhmtR7U=
xlMwLFfGHG973kCqTv/Pw6+pjCoGk6qlBQFctvjRJL45ETLTGd+ntwozgoTkBSI6eNqIDHGXQtUVprbnQ/yiZgJl4eMAjpW177h5QjXf0NUDoEe+
e2OcvlDt1nvHvhiJKQZ3yVfu11NzW8uu+XpYS4xQXbPStbV132m+YVIyuP9qdLyYyMo9XZqrwZTGMX+mSkgjhMHF7OStq5uqaTQp5djbB6JHuA==
sWjQhzkj2B1ru07emh6PIn0Dg+MsuC0rUi1FHX/B7pkSCmiXilyMgMjSDXV6wxGshskvDuog1x1BXZwMDQNL0qkMeQ248ze6R6A=
A1GDK9WT4vhWdFjFFkw3jpqu3oKfs13H0kJYr6pEnIjI2h1tWvsh5EaB33YKuEWVwd8MlG37OxrpxEk1mOsnskeo
vtFYPouk8FRsAJFmyI+rqBtT9ahUO2vD/8Bx81jnAqGuuUU2sq4AYxroBARIVoXB6jd5CCZtx3o6lJ/eAZrRONR2o/aJKBH5qMc/vkek
OkVRL40+Iw+RZBSOX5L3t7KHuPX+4dh0RS6P6bxqbx2X0bnCN5/2n8Fr12uiVyIonJGyRvBeCIDp4/JJfQJWi/so8trJIKEtXbps6MdcWW7Ny8ApC6RHsg==
oaW5Al1PZIwV3lp58ZOkreVamc91CioDny48KShNPsZOLkm97HZOCjIYSVkVdSPJseW5wZLpIgizF97iups0c+IsNJrVvua+pyYFaBVjTIZwgzFepinvrktLyRFrZ0VogemfgfNPXCxofZ9Hhw==
mJr4B6hQ4tcrvC11MMKT1Vfu11NzW8uu+XpYS4xQXbPStbV132m+YVIyuP9qdLyYyMo9XZqrwZTGMX+mSkgshcHE6eSkqpuqaTQp5djbB6JHuA==
HMd+Rcpn0510DLgMNw1z+H0Dg+MsuC0rUi1FHX/B7pkSCmiXilyMgMjSDXV6wxGshskvDuog1hpBXJkMBAJL0qkMeQ248ze6R6A=
yZOlYJjDqzLk6ghgJeRxUjZZmfVCH1Yh3dmuDKdPwHD5YELc1N1CIkjCiBRBjyINJf52v/Mkwv60/2F8tRb8bF/guRoFB7DNM7hHpg==
7V4QX15a+mBBO9q2bxiq6xMgWMWSm/eGOvBCaljYnw14D8J2NX6o9QS6dbZ7zgxtzaYZHUGxJnNXICNtNdH5ax6E+im1R60=
pJXSIqvh/nJCay2BIoZtlHoBue9EE+bxVMt0c3R2GLNKYiOl7H827rn+JH5/Tvsex27QBTn2zaUNcWqLA/AXRemxBQMKtM4xuUeh
YYdwuTgBlivu8Hb6f1g87V5Cv01iAHrehzyg3SQ9nqN8ygwQ6CzOmo87QwgWlbTumeC+iU1sOj49pCQPeM6WXSTO0JqSy47SkG6FewhnAH5xkacoJo0HGrp0WrsBf5FYVJbjlokIUVkoZ3+eR4Q=
jrDj3h3i8z2hGB8Mkne7dpqu3oKfs13H0kJYr6pEnIjI2h1tWvsh5EaB33YKuEGVwd8IlGT6OxrpxEk1mOsnskeo
badqvygVpOPJGyvp0gAWVRtT9ahUO2vD/8Bx81jnAqGuuUU2sq4AYxroBARIVoXB6jd5CCZtx3o6lJnZAZPQONR2o/aJKBH5qMc/vkek
kem27Uh6ZeOQgWxyx0oP3UQNbcXexrDPZvtAaB6KnxpkFvUyLyi/9x6ucqd7zgxtzaYZHUKxKnJXICNtNdH5ax6E+im1R60=
c2zxEm8P9KggLDW4e60nq0Nr77nHDfJrmRTPQfd3+/pRRqquu+5h6PErUJa8+7W+4jHjnjfBLFFEbnkYDXHbofd3ELz0NbtHow==
QkPhq91ylb+L3no/rWV3cUu062ufJd1ZwG6jdXLm8Ds60BQMSF6V+cpviUDmJXeiWmwLUYEbQEA0LhM+yeBhIYj/L7ZHrA==
yPSd4yzS72UzcXgnE77S9BtT9ahUO2vD/8Bx81jnAqGuuUU2sq4AYxroBARIVoXB6jd5CCZtx3o6lJvZAZPQONR2o/aJKBH5qMc/vkek
EU9EBMKMlHA7UhqnYQF/6Fcy5/lbXLkU2rTt7e7p2Ew1Jm+x7KKvZSc5GVqnF3YnMcO3s3IfYtCs+ZJe4FYIuJnLEhEtypbzS8BSQl+rIZ2sEgwwFxQZlv2j4DEbrEeK
2zN7oPvENYAbmubJPjrW4Fo47Mk0EPX7WIJ8dzIrNIBCKiOy8GYBqqOoM29qXuYPx27QBTn2zaoOcWaKA/AXRemxBQMKtM4xuUeh
/JNJYyJPluIpdtsc1g43E1Yy5/lbXLkU2rTt7e7p2Ew1Jm+x7KKvZSc5GVqnF3YnMcO3s3IfYtCs+ZJe4FYIuJnLEhEtypbzS8BSQlCrIZ2sEgwwFxQZlv2j4DEbrEeK
ITkeC9EEXctZYT/HZYU1Elo47Mk0EPX7WIJ8dzIrNIBCKiOy8GYBqqOoM29qXuYPx27QBTn2zaMJcWaKA/AXRemxBQMKtM4xuUeh
1oGYRRrqaOtkVonSssDSn1cy5/lbXLkU2rTt7e7p2Ew1Jm+x7KKvZSc5GVqnF3YnMcO3s3IfYtCs+ZJe4FYIuJnLEhEtypbzS8BSQlmsIZ2sEgwwFxQZlv2j4DEbrEeK
hMP2TuDOSeXSXmTt2bcsvlo47Mk0EPX7WIJ8dzIrNIBCKiOy8GYBqqOoM29qXuYPx27QBTn2zaIJcWaKA/AXRemxBQMKtM4xuUeh
YrIgMv9ohIZiGUmbpiwhpFYy5/lbXLkU2rTt7e7p2Ew1Jm+x7KKvZSc5GVqnF3YnMcO3s3IfYtCs+ZJe4FYIuJnLEhEtypbzS8BSQlisIZ2sEgwwFxQZlv2j4DEbrEeK
pvW3n1uosd3A5lT+HYgqsVo47Mk0EPX7WIJ8dzIrNIBCKiOy8GYBqqOoM29qXuYPx27QBTn2zaAJcWaKA/AXRemxBQMKtM4xuUeh
mGYcxywaO6R13w6h7wXqdVcy5/lbXLkU2rTt7e7p2Ew1Jm+x7KKvZSc5GVqnF3YnMcO3s3IfYtCs+ZJe4FYIuJnLEhEtypbzS8BSQlqsIZ2sEgwwFxQZlv2j4DEbrEeK
a14p/WE6Hrb5wkAsAy+OcV5Cv01iAHrehzyg3SQ9nqN8ygwQ6CzOmo87QwgWlbTumeC+iU1sOj49pCQPeM6WXSTO0JqSy47SkG6Bch9gAH5xkacoJo0HGrp0WL4Bc5BYVJbjlokIUVkoZ3+eR4Q=
3M2YQTzZ4jV4NO9cEMddfF5Cv01iAHuF0ia31j4ss6NK3yNSugj3/cB9EVxN0K/Z1/2vwQldKzktoCsSeprXTgealraQy47SkG6FewhnAH5xkacoJo0HGrp0Vb4Bc5BYVJbjlokIUVkoZ3+eR4Q=
KtF57GffJ1oQ83YesY1bBVo47Mk0EPX7WIJ8dzIrNIBCKiOy8GYBqqOoM29qXuYPx27QBTn2zaoJcWaKA/AXRemxBQMKtM4xuUeh
w/xFDkl1iMxI0As9W49c4VYy5/lbXLkU2rTt7e7p2Ew1Jm+x7KKvZSc5GVqnF3YnMcO3s3IfYtCs+ZJe4FYIuJnLEhEtypbzS8BSQlCsIZ2sEgwwFxQZlv2j4DEbrEeK
unzgnBHlDN0SVc6C0y4aHez03G1Q2f6wR0ZJ7KTRJL45ETLTGd+ntwozgoTkBSI6eNqIDHGXQtUVprbnQ/yiZgdh4ekEjpy077h5QjXf0NUDoEe+
DYg4bGi3EHOeavI3ugt0vlo47Mk0EPX7WIJ8dzIrNIBCKiOy8GYBqqOoM29qXuYPx27QBTn2zaQIcWaKA/AXRemxBQMKtM4xuUeh
JO5g3ZftbCGoZimYa0S9Xlcy5/lbXLkU2rTt7e7p2Ew1Jm+x7KKvZSc5GVqnF3YnMcO3s3IfYtCs+ZJe4FYIuJnLEhEtypbzS8BSQl6tIZ2sEgwwFxQZlv2j4DEbrEeK
DYg4bGi3EHOeavI3ugt0vlo47Mk0EPX7WIJ8dzIrNIBCKiOy8GYBqqOoM29qXuYPx27QBTn2zaQIcWaKA/AXRemxBQMKtM4xuUeh
JO5g3ZftbCGoZimYa0S9Xlcy5/lbXLkU2rTt7e7p2Ew1Jm+x7KKvZSc5GVqnF3YnMcO3s3IfYtCs+ZJe4FYIuJnLEhEtypbzS8BSQl6tIZ2sEgwwFxQZlv2j4DEbrEeK
zo/4ZW0e036lya02zjbEf1o47Mk0EPX7WIJ8dzIrNIBCKiOy8GYBqqOoM29qXuYPx27QBTn2zasIcWaKA/AXRemxBQMKtM4xuUeh
QYnLOt+p6b7puLx7PX/SRFYy5/lbXLkU2rTt7e7p2Ew1Jm+x7KKvZSc5GVqnF3YnMcO3s3IfYtCs+ZJe4FYIuJnLEhEtypbzS8BSQlGtIZ2sEgwwFxQZlv2j4DEbrEeK
1AIhIeENPc3azOpOKV89puz03G1Q2f6wR0ZJ7KTRJL45ETLTGd+ntwozgoTkBSI6eNqIDHGXQtUVprbnQ/yiZgZk4eAHjpy077h5QjXf0NUDoEe+
j9tNexb9UGDW2DeKP18vL+bZqwkdMY+ZhzEslZzwjWvgAoTniotcUApq68LYRhlau6grH3J+zv+PrhhV0VZ1NHXx1xn7kL+VoXFNM+LU1gGhR7k=
PGmPwyxZ5l4FtVNFY9y3rez03G1Q2f6wR0ZJ7KTRJL45ETLTGd+ntwozgoTkBSI6eNqIDHGXQtUVprbnQ/yiZgdl4eAHjpy077h5QjXf0NUDoEe+
XkIa+6FTRFvM3agV+neUFObZqwkdMY+ZhzEslZzwjWvgAoTniotcUApq68LYRhlau6grH3J+zv+PrhhV0VZ1NXTx1xn7kL+VoXFNM+LU1gGhR7k=
eykd0cDjbbZfc0Y8k8VyU1o47Mk0EPX7WIJ8dzIrNIBCKiOy8GYBqqOoM29qXuYPx27QBTn2zaUMcW+JA/AXRemxBQMKtM4xuUeh
HS8kQ+5K7utq3CMyppLVKlcy5/lbXLkU2rTt7e7p2Ew1Jm+x7KKvZSc5GVqnF3YnMcO3s3IfYtCs+ZJe4FYIuJnLEhEtypbzS8BSQl+pIZSvEgwwFxQZlv2j4DEbrEeK
Hzs9Ln6Pj3F1n1OIQaSg0Vo47Mk0EPX7WIJ8dzIrNIBCKiOy8GYBqqOoM29qXuYPx27QBTn2zasMcW+JA/AXRemxBQMKtM4xuUeh
ZudXZsSAyrfTgiHjPaoWnVYy5/lbXLkU2rTt7e7p2Ew1Jm+x7KKvZSc5GVqnF3YnMcO3s3IfYtCs+ZJe4FYIuJnLEhEtypbzS8BSQlGpIZSvEgwwFxQZlv2j4DEbrEeK
AGrQSm83zK7F84S+TYg1NFo47Mk0EPX7WIJ8dzIrNIBCKiOy8GYBqqOoM29qXuYPx27QBTn2zaoMcW+JA/AXRemxBQMKtM4xuUeh
2BDCgSGo/qb/v51jw3GSxFcy5/lbXLkU2rTt7e7p2Ew1Jm+x7KKvZSc5GVqnF3YnMcO3s3IfYtCs+ZJe4FYIuJnLEhEtypbzS8BSQlCpIZSvEgwwFxQZlv2j4DEbrEeK
KgSZD+LqHHTmdrZ6LcXyRVo47Mk0EPX7WIJ8dzIrNIBCKiOy8GYBqqOoM29qXuYPx27QBTn2zaMPcW+JA/AXRemxBQMKtM4xuUeh
3ZUSABbraOKsWd3JfUkiwFYy5/lbXLkU2rTt7e7p2Ew1Jm+x7KKvZSc5GVqnF3YnMcO3s3IfYtCs+ZJe4FYIuJnLEhEtypbzS8BSQlmqIZSvEgwwFxQZlv2j4DEbrEeK
KgSZD+LqHHTmdrZ6LcXyRVo47Mk0EPX7WIJ8dzIrNIBCKiOy8GYBqqOoM29qXuYPx27QBTn2zaMPcW+JA/AXRemxBQMKtM4xuUeh
QelORrbBZTTxm6XkPOWRG1cy5/lbXLkU2rTt7e7p2Ew1Jm+x7KKvZSc5GVqnF3YnMcO3s3IfYtCs+ZJe4FYIuJnLEhEtypbzS8BSQlmqIZSvEgwwFxQZlv2j4DEbrEeK
AkUtS1l58mvIwkx1BwqVzVo47Mk0EPX7WIJ8dzIrNIBCKiOy8GYBqqOoM29qXuYPx27QBTn2zaIPcW+JA/AXRemxBQMKtM4xuUeh
36Jx5nOilQLd9gZbm9+lj1Yy5/lbXLkU2rTt7e7p2Ew1Jm+x7KKvZSc5GVqnF3YnMcO3s3IfYtCs+ZJe4FYIuJnLEhEtypbzS8BSQliqIZSvEgwwFxQZlv2j4DEbrEeK
y6uiI1j6bo+sB9bUUaYArlfu11NzW8uu+XpYS4xQXbPStbV132m+YVIyuP9qdLyYyMo9XZqrwZTGMX+mSkgnhMHG6+SkqpuqaTQp5djbB6JHuA==
Ke8AL9pf3vnLTIHWEe257Fo47Mk0EPX7WIJ8dzIrNIBCKiOy8GYBqqOoM29qXuYPx27QBTn2zaoPcW+JA/AXRemxBQMKtM4xuUeh
+4mPh4K0/Zdk6OHCn9e49Fcy5/lbXLkU2rTt7e7p2Ew1Jm+x7KKvZSc5GVqnF3YnMcO3s3IfYtCs+ZJe4FYIuJnLEhEtypbzS8BSQlCqIZSvEgwwFxQZlv2j4DEbrEeK
Ke8AL9pf3vnLTIHWEe257Fo47Mk0EPX7WIJ8dzIrNIBCKiOy8GYBqqOoM29qXuYPx27QBTn2zaoPcW+JA/AXRemxBQMKtM4xuUeh
XbM5n/SodGgTXZSayLYZw1Yy5/lbXLkU2rTt7e7p2Ew1Jm+x7KKvZSc5GVqnF3YnMcO3s3IfYtCs+ZJe4FYIuJnLEhEtypbzS8BSQlCqIZSvEgwwFxQZlv2j4DEbrEeK
JdqddmVDdlWdU98+YJHCIFo47Mk0EPX7WIJ8dzIrNIBCKiOy8GYBqqOoM29qXuYPx27QBTn2zaMPcW6JA/AXRemxBQMKtM4xuUeh
nq9rc4nI0Z1HzfP4Mv3N3FYy5/lbXLkU2rTt7e7p2Ew1Jm+x7KKvZSc5GVqnF3YnMcO3s3IfYtCs+ZJe4FYIuJnLEhEtypbzS8BSQlmqIZWvEgwwFxQZlv2j4DEbrEeK
yb4U43w+6+tgaQV40SV/uVo47Mk0EPX7WIJ8dzIrNIBCKiOy8GYBqqOoM29qXuYPx27QBTn2zaIPcW6JA/AXRemxBQMKtM4xuUeh
2Uob4Sqy417cUYiAJQZ7dFcy5/lbXLkU2rTt7e7p2Ew1Jm+x7KKvZSc5GVqnF3YnMcO3s3IfYtCs+ZJe4FYIuJnLEhEtypbzS8BSQliqIZWvEgwwFxQZlv2j4DEbrEeK
iuXBwYzr/sI5s0lxqRCqOFo47Mk0EPX7WIJ8dzIrNIBCKiOy8GYBqqOoM29qXuYPx27QBTn2zaYJcW6JA/AXRemxBQMKtM4xuUeh
adAkWNWc7wcx4MZWWosbY1Yy5/lbXLkU2rTt7e7p2Ew1Jm+x7KKvZSc5GVqnF3YnMcO3s3IfYtCs+ZJe4FYIuJnLEhEtypbzS8BSQlysIZWvEgwwFxQZlv2j4DEbrEeK
iuXBwYzr/sI5s0lxqRCqOFo47Mk0EPX7WIJ8dzIrNIBCKiOy8GYBqqOoM29qXuYPx27QBTn2zaYJcW6JA/AXRemxBQMKtM4xuUeh
X9Dfpi4MKnGXhS3K7kaB61cy5/lbXLkU2rTt7e7p2Ew1Jm+x7KKvZSc5GVqnF3YnMcO3s3IfYtCs+ZJe4FYIuJnLEhEtypbzS8BSQlysIZWvEgwwFxQZlv2j4DEbrEeK
chwTKXc0VtXjs9GBltx8RVo47Mk0EPX7WIJ8dzIrNIBCKiOy8GYBqqOoM29qXuYPx27QBTn2zaMIcW6JA/AXRemxBQMKtM4xuUeh
vznzz7If2Js+Qa200NjhulYy5/lbXLkU2rTt7e7p2Ew1Jm+x7KKvZSc5GVqnF3YnMcO3s3IfYtCs+ZJe4FYIuJnLEhEtypbzS8BSQlmtIZWvEgwwFxQZlv2j4DEbrEeK
EC/2oBNkh02ALBzxLv15yuz03G1Q2f6wR0ZJ7KTRJL45ETLTGd+ntwozgoTkBSI6eNqIDHGXQtUVprbnQ/yiZglh4eEHjpy077h5QjXf0NUDoEe+
BpLjNjGa3XB7QokaD8oKKOz03G1Q2f6wR0ZJ7KTRJL45ETLTGd+ntwozgoTkBSI6eNqIDHGXQtUVprbnQ/yiZgBm4eIHjpy077h5QjXf0NUDoEe+
AX0djcxse5YMsEUhDisOAubZqwkdMY+ZhzEslZzwjWvgAoTniotcUApq68LYRhlau6grH3J+zv+PrhhV0VZ1MHfx1Rn7kL+VoXFNM+LU1gGhR7k=
sbzR5NM00V5pdTuKb0IWaez03G1Q2f6wR0ZJ7KTRJL45ETLTGd+ntwozgoTkBSI6eNqIDHGXQtUVprbnQ/yiZgBg4eIHjpy077h5QjXf0NUDoEe+
dEXG9csfrNbaRlWEAsx9Q0pkJH2bwH6ZnVKJ9N5L+0LeDXr6+JK0lM/Zk/mlUQdpL3EEhZSQVbt4ghw30qtUQGIqA3JQ5uFqw6jTLwreRk/nbvBF2XatZOlxTUmjcLeFibHlQ2o0bnGZR4E=
JQmO9bi9DvjCEvvI7zJdyUpkJH2bwH6ZnVKJ9N5L+0LeDXr6+JK0lM/Zk/mlUQdpL3EEhZSQVbt4ghw30qtUQGIqA3JQ5uFqw6jTLwreRk/nbvBF2XatY+hxTUmjcLeFibHlQ2o0bnGZR4E=
9NQvs9jwkCXdhWgm3uwcD1o47Mk0EPX7WIJ8dzIrNIBCKiOy8GYBqqOoM29qXuYPx27QBTn2zaYPcWyJA/AXRemxBQMKtM4xuUeh
7KjWPWsT1NaxRhdKZ303B1Yy5/lbXLkU2rTt7e7p2Ew1Jm+x7KKvZSc5GVqnF3YnMcO3s3IfYtCs+ZJe4FYIuJnLEhEtypbzS8BSQlyqIZevEgwwFxQZlv2j4DEbrEeK
agap3Oafc5jQqahENfVfW1o47Mk0EPX7WIJ8dzIrNIBCKiOy8GYBqqOoM29qXuYPx27QBTn2zasPcWyJA/AXRemxBQMKtM4xuUeh
xC1+6jcrmRvOUl7mF15rtFcy5/lbXLkU2rTt7e7p2Ew1Jm+x7KKvZSc5GVqnF3YnMcO3s3IfYtCs+ZJe4FYIuJnLEhEtypbzS8BSQlGqIZevEgwwFxQZlv2j4DEbrEeK
agap3Oafc5jQqahENfVfW1o47Mk0EPX7WIJ8dzIrNIBCKiOy8GYBqqOoM29qXuYPx27QBTn2zasPcWyJA/AXRemxBQMKtM4xuUeh
I/S9CyV0fv9ekvHqp9iav1Yy5/lbXLkU2rTt7e7p2Ew1Jm+x7KKvZSc5GVqnF3YnMcO3s3IfYtCs+ZJe4FYIuJnLEhEtypbzS8BSQlGqIZevEgwwFxQZlv2j4DEbrEeK
6MRoOYZo1WtxMaiWxx/3dlo47Mk0EPX7WIJ8dzIrNIBCKiOy8GYBqqOoM29qXuYPx27QBTn2zaoPcWyJA/AXRemxBQMKtM4xuUeh
pEHc2dQTNTlBO1X0V1B5xlcy5/lbXLkU2rTt7e7p2Ew1Jm+x7KKvZSc5GVqnF3YnMcO3s3IfYtCs+ZJe4FYIuJnLEhEtypbzS8BSQlCqIZevEgwwFxQZlv2j4DEbrEeK
CjZRnR4VJuWSsYj/dZojgFo47Mk0EPX7WIJ8dzIrNIBCKiOy8GYBqqOoM29qXuYPx27QBTn2zaMOcWyJA/AXRemxBQMKtM4xuUeh
c/vVK+CtfOhxbALhaNicjlYy5/lbXLkU2rTt7e7p2Ew1Jm+x7KKvZSc5GVqnF3YnMcO3s3IfYtCs+ZJe4FYIuJnLEhEtypbzS8BSQlmrIZevEgwwFxQZlv2j4DEbrEeK
6PyszWN/PnvBeC/G3gS/Aez03G1Q2f6wR0ZJ7KTRJL45ETLTGd+ntwozgoTkBSI6eNqIDHGXQtUVprbnQ/yiZgRn4eMHjpy077h5QjXf0NUDoEe+
aQ3reP4lYst2ZVTTyq9oyObZqwkdMY+ZhzEslZzwjWvgAoTniotcUApq68LYRhlau6grH3J+zv+PrhhV0VZ1O3bx1Bn7kL+VoXFNM+LU1gGhR7k=
zX4AKx36lUq8165sLKulglo47Mk0EPX7WIJ8dzIrNIBCKiOy8GYBqqOoM29qXuYPx27QBTn2zasOcWyJA/AXRemxBQMKtM4xuUeh
diPrQmvUJJd5SQeJ7H3+TVcy5/lbXLkU2rTt7e7p2Ew1Jm+x7KKvZSc5GVqnF3YnMcO3s3IfYtCs+ZJe4FYIuJnLEhEtypbzS8BSQlGrIZevEgwwFxQZlv2j4DEbrEeK
zX4AKx36lUq8165sLKulglo47Mk0EPX7WIJ8dzIrNIBCKiOy8GYBqqOoM29qXuYPx27QBTn2zasOcWyJA/AXRemxBQMKtM4xuUeh
PQXW4XetyWkXTw8emjuy5lYy5/lbXLkU2rTt7e7p2Ew1Jm+x7KKvZSc5GVqnF3YnMcO3s3IfYtCs+ZJe4FYIuJnLEhEtypbzS8BSQlGrIZevEgwwFxQZlv2j4DEbrEeK
A7D6/SRoQ7OjJ6VdgVAJwFo47Mk0EPX7WIJ8dzIrNIBCKiOy8GYBqqOoM29qXuYPx27QBTn2zaoOcWyJA/AXRemxBQMKtM4xuUeh
jE2iR/jwHBtr91MzoWpwwVcy5/lbXLkU2rTt7e7p2Ew1Jm+x7KKvZSc5GVqnF3YnMcO3s3IfYtCs+ZJe4FYIuJnLEhEtypbzS8BSQlCrIZevEgwwFxQZlv2j4DEbrEeK
pNjoPJuQdZHWyXlERKJmH1o47Mk0EPX7WIJ8dzIrNIBCKiOy8GYBqqOoM29qXuYPx27QBTn2zaMJcWyJA/AXRemxBQMKtM4xuUeh
zh667xPuaDyK8Jv4PQ9YQlYy5/lbXLkU2rTt7e7p2Ew1Jm+x7KKvZSc5GVqnF3YnMcO3s3IfYtCs+ZJe4FYIuJnLEhEtypbzS8BSQlmsIZevEgwwFxQZlv2j4DEbrEeK
pNjoPJuQdZHWyXlERKJmH1o47Mk0EPX7WIJ8dzIrNIBCKiOy8GYBqqOoM29qXuYPx27QBTn2zaMJcWyJA/AXRemxBQMKtM4xuUeh
3+rka5E5D5yz+czaiJcjn1cy5/lbXLkU2rTt7e7p2Ew1Jm+x7KKvZSc5GVqnF3YnMcO3s3IfYtCs+ZJe4FYIuJnLEhEtypbzS8BSQlmsIZevEgwwFxQZlv2j4DEbrEeK
UoEbb8OCUYv+gm6eSQPnGVo47Mk0EPX7WIJ8dzIrNIBCKiOy8GYBqqOoM29qXuYPx27QBTn2zacNcWmJA/AXRemxBQMKtM4xuUeh
D3y8pex8X1vor1pAhrZkI1Yy5/lbXLkU2rTt7e7p2Ew1Jm+x7KKvZSc5GVqnF3YnMcO3s3IfYtCs+ZJe4FYIuJnLEhEtypbzS8BSQl2oIZKvEgwwFxQZlv2j4DEbrEeK
mYiIk+DvoV6HJKVMPC3YAlo47Mk0EPX7WIJ8dzIrNIBCKiOy8GYBqqOoM29qXuYPx27QBTn2zaYNcWmJA/AXRemxBQMKtM4xuUeh
FCONa4GoPUmz9GTfrSrrSlcy5/lbXLkU2rTt7e7p2Ew1Jm+x7KKvZSc5GVqnF3YnMcO3s3IfYtCs+ZJe4FYIuJnLEhEtypbzS8BSQlyoIZKvEgwwFxQZlv2j4DEbrEeK
AyBdh8TtMaSk8iqsW/6mPVo47Mk0EPX7WIJ8dzIrNIBCKiOy8GYBqqOoM29qXuYPx27QBTn2zaUNcWmJA/AXRemxBQMKtM4xuUeh
cItTSsvBLGDtpnHRNPdo/FYy5/lbXLkU2rTt7e7p2Ew1Jm+x7KKvZSc5GVqnF3YnMcO3s3IfYtCs+ZJe4FYIuJnLEhEtypbzS8BSQl+oIZKvEgwwFxQZlv2j4DEbrEeK
Gqw37/WzaN3BAuKH6pWgT+z03G1Q2f6wR0ZJ7KTRJL45ETLTGd+ntwozgoTkBSI6eNqIDHGXQtUVprbnQ/yiZgVl4eYHjpy077h5QjXf0NUDoEe+
kTWVLG1xd+s2nzjSLntR5ObZqwkdMY+ZhzEslZzwjWvgAoTniotcUApq68LYRhlau6grH3J+zv+PrhhV0VZ1NXTx0Rn7kL+VoXFNM+LU1gGhR7k=
I0lwergiY+nA1qlRJZ89oVo47Mk0EPX7WIJ8dzIrNIBCKiOy8GYBqqOoM29qXuYPx27QBTn2zaUMcWmJA/AXRemxBQMKtM4xuUeh
Tk0EfrG9DMyo4hHxdS5tA1cy5/lbXLkU2rTt7e7p2Ew1Jm+x7KKvZSc5GVqnF3YnMcO3s3IfYtCs+ZJe4FYIuJnLEhEtypbzS8BSQl+pIZKvEgwwFxQZlv2j4DEbrEeK
NRwWgOY0dacMVxJURnVnJuz03G1Q2f6wR0ZJ7KTRJL45ETLTGd+ntwozgoTkBSI6eNqIDHGXQtUVprbnQ/yiZgFm4eYHjpy077h5QjXf0NUDoEe+
+0dbQzzMgyNjQ2ITldhgrObZqwkdMY+ZhzEslZzwjWvgAoTniotcUApq68LYRhlau6grH3J+zv+PrhhV0VZ1Mnfx0Rn7kL+VoXFNM+LU1gGhR7k=
x9OaVewXswA7ENNZT5gYDuVamc91CioDny48KShNPsZOLkm97HZOCjIYSVkVdSPJseW5wZLpIgizF97iups0c+IsNJrVvua+pyYFaBVjTIZwgzFepinvrktJyRFvZUVogemfgfNPXCxofZ9Hhw==
x9OaVewXswA7ENNZT5gYDuVamc91CioDny48KShNPsZOLkm97HZOCjIYSVkVdSPJseW5wZLpIgizF97iups0c+IsNJrVvua+pyYFaBVjTIZwgzFepinvrktJyRFvZUVogemfgfNPXCxofZ9Hhw==
ZDxESwxiJGsbARBX6JAMG+Vamc91CioDny48KShNPsZOLkm97HZOCjIYSVkVdSPJseW5wZLpIgizF97iups0c+IsNJrVvua+pyYFaBVjTIZwgzFepinvrktPyBFvZUVogemfgfNPXCxofZ9Hhw==
mCDQ0ZkRsEFUfDg/djg0nVo47Mk0EPX7WIJ8dzIrNIBCKiOy8GYBqqOoM29qXuYPx27QBTn2zaEOcWmJA/AXRemxBQMKtM4xuUeh
lxVIhdJshN0OGcuxAr1bJFYy5/lbXLkU2rTt7e7p2Ew1Jm+x7KKvZSc5GVqnF3YnMcO3s3IfYtCs+ZJe4FYIuJnLEhEtypbzS8BSQlurIZKvEgwwFxQZlv2j4DEbrEeK
0Cc2plmWI7E1D+FdAf+QH0pkJH2bwH6ZnVKJ9N5L+0LeDXr6+JK0lM/Zk/mlUQdpL3EEhZSQVbt4ghw30qtUQGIqA3JQ5uFqw6jTLwreRk/nbvBF2Xatau5xSUmjcLeFibHlQ2o0bnGZR4E=
EwLjri0iHDc56suhfge140pkJH2bwH6ZnVKJ9N5L+0LeDXr6+JK0lM/Zk/mlUQdpL3EEhZSQVbt4ghw30qtUQGIqA3JQ5uFqw6jTLwreRk/nbvBF2XatYOlxSUmjcLeFibHlQ2o0bnGZR4E=
NJYNBikg9fEws01tGHGHCVo47Mk0EPX7WIJ8dzIrNIBCKiOy8GYBqqOoM29qXuYPx27QBTn2zaUJcWiJA/AXRemxBQMKtM4xuUeh
1rRTbEI7KgBa/NsibJKA+1cy5/lbXLkU2rTt7e7p2Ew1Jm+x7KKvZSc5GVqnF3YnMcO3s3IfYtCs+ZJe4FYIuJnLEhEtypbzS8BSQl+sIZOvEgwwFxQZlv2j4DEbrEeK
NJYNBikg9fEws01tGHGHCVo47Mk0EPX7WIJ8dzIrNIBCKiOy8GYBqqOoM29qXuYPx27QBTn2zaUJcWiJA/AXRemxBQMKtM4xuUeh
7O24Y2YYIapuN1HL+UFL61Yy5/lbXLkU2rTt7e7p2Ew1Jm+x7KKvZSc5GVqnF3YnMcO3s3IfYtCs+ZJe4FYIuJnLEhEtypbzS8BSQl+sIZOvEgwwFxQZlv2j4DEbrEeK
MT5A6rpibGcnthJ4oAPcfFo47Mk0EPX7WIJ8dzIrNIBCKiOy8GYBqqOoM29qXuYPx27QBTn2zaMIcWiJA/AXRemxBQMKtM4xuUeh
RAsec8py/Kd0g7hC4SeqnVcy5/lbXLkU2rTt7e7p2Ew1Jm+x7KKvZSc5GVqnF3YnMcO3s3IfYtCs+ZJe4FYIuJnLEhEtypbzS8BSQlmtIZOvEgwwFxQZlv2j4DEbrEeK
0QEIJ8BNc/tISpmB/2uH8n0Dg+MsuC0rUi1FHX/B7pkSCmiXilyMgMjSDXV6wxGshskvDuog1RtBWZsMBAJL0qkMeQ248ze6R6A=
MhRVfurhRYnGiRKutDAZdENr77nHDfJrmRTPQfd3+/pRRqquu+5h6PErUJa8+7W+4jHjnjfHKlFKbXkYDXHbofd3ELz0NbtHow==
Lcw0NZoG+JNE0jjiCMEIK0u062ufJd1ZwG6jdXLm8Ds60BQMSF6V+cpviUDmJXeiWmwMV4EVQ0A0LhM+yeBhIYj/L7ZHrA==
6m7QtXs6qsc/z5U7JVPeRhtT9ahUO2vD/8Bx81jnAqGuuUU2sq4AYxroBARIVoXB6jd5CCZtx3o6lJzfAZ3TONR2o/aJKBH5qMc/vkek
mlHjV1wyny4kQ1gdWUEu1lcy5/lbXLkU2rTt7e7p2Ew1Jm+x7KKvZSc5GVqnF3YnMcO3s3IfYtCs+ZJe4FYIuJnLEhEtypbzS8BSQlitIZOvEgwwFxQZlv2j4DEbrEeK
pWsN9nykt130bNhu7uCGwFo47Mk0EPX7WIJ8dzIrNIBCKiOy8GYBqqOoM29qXuYPx27QBTn2zaAIcWiJA/AXRemxBQMKtM4xuUeh
pm+EQtbIh3lLLEuKgL5mcVYy5/lbXLkU2rTt7e7p2Ew1Jm+x7KKvZSc5GVqnF3YnMcO3s3IfYtCs+ZJe4FYIuJnLEhEtypbzS8BSQlqtIZOvEgwwFxQZlv2j4DEbrEeK
rwFdAs5dkipaZxaLbbaIP1o47Mk0EPX7WIJ8dzIrNIBCKiOy8GYBqqOoM29qXuYPx27QBTn2zaMMcWeJA/AXRemxBQMKtM4xuUeh
D0o+FkEUcuSfzdfbVlh5ZlYy5/lbXLkU2rTt7e7p2Ew1Jm+x7KKvZSc5GVqnF3YnMcO3s3IfYtCs+ZJe4FYIuJnLEhEtypbzS8BSQlmpIZyvEgwwFxQZlv2j4DEbrEeK
rwFdAs5dkipaZxaLbbaIP1o47Mk0EPX7WIJ8dzIrNIBCKiOy8GYBqqOoM29qXuYPx27QBTn2zaMMcWeJA/AXRemxBQMKtM4xuUeh
D0o+FkEUcuSfzdfbVlh5ZlYy5/lbXLkU2rTt7e7p2Ew1Jm+x7KKvZSc5GVqnF3YnMcO3s3IfYtCs+ZJe4FYIuJnLEhEtypbzS8BSQlmpIZyvEgwwFxQZlv2j4DEbrEeK
lIxFWcusf50AWCOR21tZGh4599h9RI+9Xts7Pm4gNoIEeCOl7H827rn+JG1wSuEex27QBTn2zaoMcWeJA/AXRemxBQMKtM4xuUeh
7p18taRuDcKJE0vq9VMYBZKt7EhVc93E1DFmkNm3y2CpH4vtmIxEYAIi69XEXy4eof48Dmdu0+6PrhhV0VZ1OnTx3xn7kL+VoXFNM+LU1gGhR7k=
HLpB6nd14VB/GGRT55HwMV5Cv01iAHqF0ia31j4ss6NK3yNSugj3/cB9EVxN0K/Z1/2vwQldKzktoCsSeprXTgeal7aQy47SkG6Bch9gAH5xkacoJo0HGrp0XLgBcpNYVJbjlokIUVkoZ3+eR4Q=
+mUNr78RoW/irGs+JOi5EoPKJzMlI3Z/0m83SDzJkhSLsl8SSQH3AWUKwrJpfHep/5eWDwB4cQISJx0mfvjlVvgxWLSCayzM3JSioer0qLx5pcg9dCjZM0vGtgeDnCLGxUbhyMcuHNQvWHkidT9QdUOAR54=
q/UOgRzhUbt++nFKHGGXgV5Cv01iAHuF0ia31j4ss6NK3yNSugj3/cB9EVxN0K/Z1/2vwQldKzktoCsSeprXTgealraQy47SkG6Bch9gAH5xkacoJo0HGrp0WbgBcpNYVJbjlokIUVkoZ3+eR4Q=
eV+4ozPSBSxnJ3VAaJdheV5Cv01iAHrehzyg3SQ9nqN8ygwQ6CzOmo87QwgWlbTumeC+iU1sOj49pCQPeM6WXSTO0JqSy47SkG6FewhnAH5xkacoJo0HGrp0WrgBcpNYVJbjlokIUVkoZ3+eR4Q=
M7UHcyxbkutBYL0rzEkRqV5Cv01iAHrehzyg3SQ9nqN8ygwQ6CzOmo87QwgWlbTumeC+iU1sOj49pCQPeM6WXSTO0JqSy47SkG6Bch9gAH5xkacoJo0HGrp0WrgBcpNYVJbjlokIUVkoZ3+eR4Q=
9kqEhmm6Yf8W/pnzUC+WZEt6IHCJwnmDnwjZr54OohiqVzGtj5y2xZ2Nif2TAwx5bmEAidrBGbVl6g8t1YMbEAkIRjxB7McrnOjCahXFQFHnbvBF2Xatau9xR0mjcLeFibHlQ2o0bnGZR4E=
ShxHKfS/SpP0y2eAxLSqFkp6IHCJwniDnwjZr54OohiqVzGtj5y2xZ2Nif2TAwx5bmEAidrBGbVl6g8t1YMbEQkIRjxB7McrnOjCahXFQFHnbvBF2XatZu5xR0mjcLeFibHlQ2o0bnGZR4E=
MHztkeUXpFDjo5QyRwIQLpqu3oKfs13H0kJYr6pEnIjI2h1tWvsh5EaB33YKuECSwd4KlGT6OxrpxEk1mOsnskeo
JyGN/xL16w3/lN07LIvmdRtT9ahUO2vD/8Bx81jnAqGuuUU2sq4AYxroBARIVoXB6jd5CCZtx3o6lJveAZLSONR2o/aJKBH5qMc/vkek
ZuDNhsfoRaTRQiDupIV43Fcy5/lbXLkU2rTt7e7p2Ew1Jm+x7KKvZSc5GVqnF3YnMcO3s3IfYtCs+ZJe4FYIuJnLEhEtypbzS8BSQl+sIZyuEgwwFxQZlv2j4DEbrEeK
+on1pbkquAH/jNvIFasF7Fo47Mk0EPX7WIJ8dzIrNIBCKiOy8GYBqqOoM29qXuYPx27QBTn2zaQJcWeIA/AXRemxBQMKtM4xuUeh
9y53xHWhdSHWyN5hnxA39lYy5/lbXLkU2rTt7e7p2Ew1Jm+x7KKvZSc5GVqnF3YnMcO3s3IfYtCs+ZJe4FYIuJnLEhEtypbzS8BSQl6sIZyuEgwwFxQZlv2j4DEbrEeK
EVI9MKWWuMEFGiZmOy3NaVo47Mk0EPX7WIJ8dzIrNIBCKiOy8GYBqqOoM29qXuYPx27QBTn2zasJcWeIA/AXRemxBQMKtM4xuUeh
AN7xORq+d3T5BrZPut/cd1cy5/lbXLkU2rTt7e7p2Ew1Jm+x7KKvZSc5GVqnF3YnMcO3s3IfYtCs+ZJe4FYIuJnLEhEtypbzS8BSQlGsIZyuEgwwFxQZlv2j4DEbrEeK
q4UPbJ9Q5BKbGOphvSXWYFo47Mk0EPX7WIJ8dzIrNIBCKiOy8GYBqqOoM29qXuYPx27QBTn2zaANcWaIA/AXRemxBQMKtM4xuUeh
v2KdsCIvwaeRcVyU8y9B/1Yy5/lbXLkU2rTt7e7p2Ew1Jm+x7KKvZSc5GVqnF3YnMcO3s3IfYtCs+ZJe4FYIuJnLEhEtypbzS8BSQlqoIZ2uEgwwFxQZlv2j4DEbrEeK
Q0fn6dTh5XvHl5lmj/dBd0UPYaPd1bDIaeVfZEKL2gt9DMN9WDq54gOpfqZ7zgxtzaYZG0WxJHZXICNtNdH5ax6E+im1R60=
cXVg/of3y8PVCe91QJnx7J02cb0GXJZ0xhE/BsroZaLB4SxEJApbimlU6YVYu8fCR9g=
TVsb8yQdqezyT635lTYG8Ffdnnpul4RU+OeacarC4VOETvYPU/SCLtEIYY/Qxry8/1A5qqVXcJ3TyEfW
FKcL6P6cOwUChNTdfeJ7n6r2Cve4nUup3QF9VxNGBT5ykbNeZ+c7UVqKKdhdkUshh5dgfITVy0fT
jKiWT7VvFRDnL8KuqT3euskDm2ZLk2oW/q4rCj+FuJ/EQkkVF478n89/h/WqvEstLYD4GyBPT+TBSYJ6Y1aBQczigd42ib9uu2/fEX6CdSjRCQ8Bg++s7Dgdr0e3
oAIq+AbMXmbYJT7tN8sSxRzaCKY+1/g90bx0KqmKvQEyF07W24WFGhY3pdtlVcgYoYVHVCpLcpuFrIuNQDqhkssJBjbTjuRd1UZRS70xnKYfADsdHRGR+6bkMhmtR7U=
7g3pA5P0z+td4+goVIlTFDXpJ4MP5dkn5rx0KqmKvQEyF07W24WFGhY3pdtlVcgYoYVHVCpLcpuFrIuNQDqhkssJBjbTjuRd1UZRS70xnKYfADsdHRGR+6bkMhmtR7U=
CHcHI3s7UVM0A5rHZ3C+SPPGpB74sXgirYq5CT4HUs6/pWEiagdpkyGVDFDtdfssjqvWAxk8BwXEuiUaR5marnfuQKVpNp2D+XFYblMwxyV5MXXjuvQ+EalHsQ==
JToedT053mEMeQ7zDrr942lQ+nOiUBFXUVbMIWexH8Gx71zakYqF8Rp3FgYTxc2q7pfNS/3VUIgJZf8kYou6y92MY704Olmioyne5pvOLK1tJvnbJbEENvegQ63V0dmrfgQaaZVHjQ==
HOU5BXxDLLaxmV47Tp19BfCPIV6ptDoKvAqOEe3OGgGBGRxSSsSz3bMrSEgNBJChyxi9zoUBWv5RknpJc4OhgqCGm1taeECETcPIYOZFt0LazM02gfUE4LROU97JwKGBCB9vlkeM
ymxAVH8pBNFFBfSIztuU4QglZSHNqy7PwRnJsIk4sxiGVSu4qv2owp2KienuRwJuLyURgprHGbMxlRww3bVLTD4rRmNJ/NcltLrVOhfZSk7nbvBF2XatY+lxSE6jcLeFibHlQ2o0bnGZR4E=
h6Uxh4n63hzYd9JEPooDb2QzkgzGpN3m+/+XeEcm1pvJg0goe+3CEeGE+lLAaw7e0KfTTC52AuM7gd5WdHtWqtJu9i+TlAKOkehhb5BmPNw/cDmK5bfwPROoR7Y=
